[2026-03-19 00:00:42] ERROR: {"method":"GET","url":"/.well-known/assetlinks.json","role":"Anonymous","userId":"Anonymous","message":"Maximum call stack size exceeded","statusCode":500,"duration":"316ms","timestamp":"2026-03-19T00:00:42.371Z"}
[2026-03-19 00:44:36] ERROR: {"method":"GET","url":"/.well-known/assetlinks.json","role":"Anonymous","userId":"Anonymous","message":"Maximum call stack size exceeded","statusCode":500,"duration":"365ms","timestamp":"2026-03-19T00:44:36.837Z"}
[2026-03-19 02:02:45] ERROR: {"method":"GET","url":"/.well-known/assetlinks.json","role":"Anonymous","userId":"Anonymous","message":"Maximum call stack size exceeded","statusCode":500,"duration":"323ms","timestamp":"2026-03-19T02:02:45.349Z"}
[2026-03-19 02:08:50] ERROR: {"method":"GET","url":"/.well-known/assetlinks.json","role":"Anonymous","userId":"Anonymous","message":"Maximum call stack size exceeded","statusCode":500,"duration":"314ms","timestamp":"2026-03-19T02:08:50.854Z"}
[2026-03-19 02:14:36] INFO: {"method":"GET","url":"/","role":"Anonymous","userId":"Anonymous","userName":"Anonymous","statusCode":200,"duration":"2ms","timestamp":"2026-03-19T02:14:36.103Z","status":"success"}
[2026-03-19 02:14:46] ERROR: {"method":"GET","url":"/tournaments?page=1&entry=10&sort=ASC&field=id&includeField=id%2Cname&excludeField=password","role":"Anonymous","userId":"Anonymous","customHeader":"vi_VN","message":"Bad Request Exception","errorResponse":{"message":[{"field":"includeField/excludeField","value":"both","message":"error.cannot_use_both_include_and_exclude_fields"}]},"statusCode":400,"duration":"6ms","timestamp":"2026-03-19T02:14:46.775Z"}
[2026-03-19 02:14:56] INFO: {"method":"GET","url":"/tournaments?page=1&entry=10&sort=ASC&field=id","role":"Anonymous","userId":"Anonymous","userName":"Anonymous","customHeader":"vi_VN","statusCode":200,"duration":"210ms","timestamp":"2026-03-19T02:14:56.840Z","status":"success"}
[2026-03-19 02:15:19] INFO: {"method":"GET","url":"/tournaments/123","role":"Anonymous","userId":"Anonymous","userName":"Anonymous","customHeader":"vi_VN","statusCode":200,"duration":"236ms","timestamp":"2026-03-19T02:15:19.267Z","status":"success"}
[2026-03-19 03:01:44] ERROR: {"method":"GET","url":"/.well-known/assetlinks.json","role":"Anonymous","userId":"Anonymous","message":"Maximum call stack size exceeded","statusCode":500,"duration":"378ms","timestamp":"2026-03-19T03:01:44.640Z"}
[2026-03-19 03:01:47] ERROR: {"method":"GET","url":"/.well-known/assetlinks.json","role":"Anonymous","userId":"Anonymous","message":"Maximum call stack size exceeded","statusCode":500,"duration":"243ms","timestamp":"2026-03-19T03:01:47.283Z"}
[2026-03-19 03:01:51] ERROR: {"method":"GET","url":"/.well-known/assetlinks.json","role":"Anonymous","userId":"Anonymous","message":"Maximum call stack size exceeded","statusCode":500,"duration":"280ms","timestamp":"2026-03-19T03:01:51.611Z"}
[2026-03-19 03:53:19] INFO: {"method":"GET","url":"/community-posts/feed?entry=10&direction=next","role":"Anonymous","userId":"Anonymous","userName":"Anonymous","customHeader":"vi_VN","statusCode":200,"duration":"95ms","timestamp":"2026-03-19T03:53:19.374Z","status":"success"}
[2026-03-19 03:53:19] INFO: {"method":"GET","url":"/users/12","role":"USER","userId":12,"userName":"Phan Minh","customHeader":"vi_VN","statusCode":200,"duration":"6ms","timestamp":"2026-03-19T03:53:19.390Z","status":"success"}
[2026-03-19 03:53:19] INFO: {"method":"POST","url":"/user-devices","role":"USER","userId":12,"userName":"Phan Minh","customHeader":"vi_VN","statusCode":201,"duration":"15ms","timestamp":"2026-03-19T03:53:19.411Z","status":"create_success","createdId":356}
[2026-03-19 03:53:19] INFO: {"method":"GET","url":"/community-posts/540","role":"USER","userId":12,"userName":"Phan Minh","customHeader":"vi_VN","statusCode":200,"duration":"11ms","timestamp":"2026-03-19T03:53:19.838Z","status":"success"}
[2026-03-19 03:53:19] INFO: {"method":"GET","url":"/attachments?postId=540","role":"USER","userId":12,"userName":"Phan Minh","customHeader":"vi_VN","statusCode":200,"duration":"12ms","timestamp":"2026-03-19T03:53:19.843Z","status":"success"}
[2026-03-19 03:53:19] INFO: {"method":"GET","url":"/community-posts/video/540/playlist.m3u8","role":"Anonymous","userId":"Anonymous","userName":"Anonymous","statusCode":302,"duration":"15ms","timestamp":"2026-03-19T03:53:19.965Z","status":"success"}
[2026-03-19 03:53:19] INFO: {"method":"GET","url":"/community-posts/video/545/playlist.m3u8","role":"Anonymous","userId":"Anonymous","userName":"Anonymous","statusCode":302,"duration":"14ms","timestamp":"2026-03-19T03:53:19.972Z","status":"success"}
[2026-03-19 03:53:19] INFO: {"method":"GET","url":"/community-posts/video/506/playlist.m3u8","role":"Anonymous","userId":"Anonymous","userName":"Anonymous","statusCode":302,"duration":"9ms","timestamp":"2026-03-19T03:53:19.977Z","status":"success"}
[2026-03-19 03:53:19] INFO: {"method":"GET","url":"/user-profiles/info/285","role":"USER","userId":12,"userName":"Phan Minh","customHeader":"vi_VN","statusCode":200,"duration":"186ms","timestamp":"2026-03-19T03:53:19.998Z","status":"success"}
[2026-03-19 03:54:22] INFO: {"method":"GET","url":"/hosts?page=1&entry=10&sort=ASC&field=startTime&excludeField=password%2Cdescription%2ClocationNote%2Cqr_url%2CbankAccountNumber%2CbankName%2CtransferContent%2Cbanner_url%2CpaymentMethod%2CminAge%2CmaxAge","role":"USER","userId":12,"userName":"Phan Minh","customHeader":"vi_VN","statusCode":200,"duration":"37ms","timestamp":"2026-03-19T03:54:22.865Z","status":"success"}
[2026-03-19 03:54:22] INFO: {"method":"GET","url":"/hosts?page=1&entry=10&sort=ASC&field=startTime&excludeField=password%2Cdescription%2ClocationNote%2Cqr_url%2CbankAccountNumber%2CbankName%2CtransferContent%2Cbanner_url%2CpaymentMethod%2CminAge%2CmaxAge","role":"USER","userId":12,"userName":"Phan Minh","customHeader":"vi_VN","statusCode":200,"duration":"39ms","timestamp":"2026-03-19T03:54:22.875Z","status":"success"}
[2026-03-19 04:29:30] INFO: {"method":"GET","url":"/community-posts/feed?entry=10&direction=next","role":"Anonymous","userId":"Anonymous","userName":"Anonymous","customHeader":"vi_VN","statusCode":200,"duration":"76ms","timestamp":"2026-03-19T04:29:30.882Z","status":"success"}
[2026-03-19 04:29:30] INFO: {"method":"POST","url":"/user-devices","role":"USER","userId":12,"userName":"Phan Minh","customHeader":"vi_VN","statusCode":201,"duration":"17ms","timestamp":"2026-03-19T04:29:30.906Z","status":"create_success","createdId":356}
[2026-03-19 04:29:30] INFO: {"method":"GET","url":"/users/12","role":"USER","userId":12,"userName":"Phan Minh","customHeader":"vi_VN","statusCode":200,"duration":"8ms","timestamp":"2026-03-19T04:29:30.909Z","status":"success"}
[2026-03-19 04:29:31] INFO: {"method":"GET","url":"/community-posts/507","role":"USER","userId":12,"userName":"Phan Minh","customHeader":"vi_VN","statusCode":200,"duration":"13ms","timestamp":"2026-03-19T04:29:31.300Z","status":"success"}
[2026-03-19 04:29:31] INFO: {"method":"GET","url":"/community-posts/video/507/playlist.m3u8","role":"Anonymous","userId":"Anonymous","userName":"Anonymous","statusCode":302,"duration":"12ms","timestamp":"2026-03-19T04:29:31.423Z","status":"success"}
[2026-03-19 04:29:31] INFO: {"method":"GET","url":"/community-posts/video/556/playlist.m3u8","role":"Anonymous","userId":"Anonymous","userName":"Anonymous","statusCode":302,"duration":"16ms","timestamp":"2026-03-19T04:29:31.434Z","status":"success"}
[2026-03-19 04:29:31] INFO: {"method":"GET","url":"/community-posts/video/573/playlist.m3u8","role":"Anonymous","userId":"Anonymous","userName":"Anonymous","statusCode":302,"duration":"12ms","timestamp":"2026-03-19T04:29:31.437Z","status":"success"}
[2026-03-19 04:29:31] INFO: {"method":"GET","url":"/user-profiles/info/280","role":"USER","userId":12,"userName":"Phan Minh","customHeader":"vi_VN","statusCode":200,"duration":"161ms","timestamp":"2026-03-19T04:29:31.487Z","status":"success"}
[2026-03-19 04:29:31] INFO: {"method":"GET","url":"/attachments?postId=507","role":"USER","userId":12,"userName":"Phan Minh","customHeader":"vi_VN","statusCode":200,"duration":"11ms","timestamp":"2026-03-19T04:29:31.589Z","status":"success"}
[2026-03-19 04:29:44] INFO: {"method":"GET","url":"/hosts?page=1&entry=10&sort=ASC&field=startTime&excludeField=password%2Cdescription%2ClocationNote%2Cqr_url%2CbankAccountNumber%2CbankName%2CtransferContent%2Cbanner_url%2CpaymentMethod%2CminAge%2CmaxAge","role":"USER","userId":12,"userName":"Phan Minh","customHeader":"vi_VN","statusCode":200,"duration":"35ms","timestamp":"2026-03-19T04:29:44.342Z","status":"success"}
[2026-03-19 04:29:44] INFO: {"method":"GET","url":"/hosts?page=1&entry=10&sort=ASC&field=startTime&excludeField=password%2Cdescription%2ClocationNote%2Cqr_url%2CbankAccountNumber%2CbankName%2CtransferContent%2Cbanner_url%2CpaymentMethod%2CminAge%2CmaxAge","role":"USER","userId":12,"userName":"Phan Minh","customHeader":"vi_VN","statusCode":200,"duration":"20ms","timestamp":"2026-03-19T04:29:44.370Z","status":"success"}
[2026-03-19 04:30:46] INFO: {"method":"GET","url":"/community-posts/feed?entry=10&direction=next","role":"Anonymous","userId":"Anonymous","userName":"Anonymous","customHeader":"vi_VN","statusCode":200,"duration":"65ms","timestamp":"2026-03-19T04:30:46.396Z","status":"success"}
[2026-03-19 04:30:46] INFO: {"method":"GET","url":"/users/12","role":"USER","userId":12,"userName":"Phan Minh","customHeader":"vi_VN","statusCode":200,"duration":"10ms","timestamp":"2026-03-19T04:30:46.412Z","status":"success"}
[2026-03-19 04:30:46] INFO: {"method":"POST","url":"/user-devices","role":"USER","userId":12,"userName":"Phan Minh","customHeader":"vi_VN","statusCode":201,"duration":"15ms","timestamp":"2026-03-19T04:30:46.447Z","status":"create_success","createdId":356}
[2026-03-19 04:30:46] INFO: {"method":"GET","url":"/community-posts/466","role":"USER","userId":12,"userName":"Phan Minh","customHeader":"vi_VN","statusCode":200,"duration":"8ms","timestamp":"2026-03-19T04:30:46.900Z","status":"success"}
[2026-03-19 04:30:46] INFO: {"method":"GET","url":"/community-posts/video/533/playlist.m3u8","role":"Anonymous","userId":"Anonymous","userName":"Anonymous","statusCode":302,"duration":"6ms","timestamp":"2026-03-19T04:30:46.924Z","status":"success"}
[2026-03-19 04:30:46] INFO: {"method":"GET","url":"/community-posts/video/466/playlist.m3u8","role":"Anonymous","userId":"Anonymous","userName":"Anonymous","statusCode":302,"duration":"11ms","timestamp":"2026-03-19T04:30:46.955Z","status":"success"}
[2026-03-19 04:30:46] INFO: {"method":"GET","url":"/community-posts/video/512/playlist.m3u8","role":"Anonymous","userId":"Anonymous","userName":"Anonymous","statusCode":302,"duration":"7ms","timestamp":"2026-03-19T04:30:46.958Z","status":"success"}
[2026-03-19 04:30:46] INFO: {"method":"GET","url":"/attachments?postId=466","role":"USER","userId":12,"userName":"Phan Minh","customHeader":"vi_VN","statusCode":200,"duration":"13ms","timestamp":"2026-03-19T04:30:46.981Z","status":"success"}
[2026-03-19 04:30:47] INFO: {"method":"GET","url":"/user-profiles/info/3","role":"USER","userId":12,"userName":"Phan Minh","customHeader":"vi_VN","statusCode":200,"duration":"178ms","timestamp":"2026-03-19T04:30:47.060Z","status":"success"}
[2026-03-19 04:30:51] INFO: {"method":"GET","url":"/hosts?page=1&entry=10&sort=ASC&field=startTime&excludeField=password%2Cdescription%2ClocationNote%2Cqr_url%2CbankAccountNumber%2CbankName%2CtransferContent%2Cbanner_url%2CpaymentMethod%2CminAge%2CmaxAge","role":"USER","userId":12,"userName":"Phan Minh","customHeader":"vi_VN","statusCode":200,"duration":"39ms","timestamp":"2026-03-19T04:30:51.495Z","status":"success"}
[2026-03-19 04:30:51] INFO: {"method":"GET","url":"/hosts?page=1&entry=10&sort=ASC&field=startTime&excludeField=password%2Cdescription%2ClocationNote%2Cqr_url%2CbankAccountNumber%2CbankName%2CtransferContent%2Cbanner_url%2CpaymentMethod%2CminAge%2CmaxAge","role":"USER","userId":12,"userName":"Phan Minh","customHeader":"vi_VN","statusCode":200,"duration":"49ms","timestamp":"2026-03-19T04:30:51.509Z","status":"success"}
[2026-03-19 05:29:20] INFO: {"method":"GET","url":"/community-posts/feed?entry=10&direction=next","role":"Anonymous","userId":"Anonymous","userName":"Anonymous","customHeader":"vi_VN","statusCode":200,"duration":"60ms","timestamp":"2026-03-19T05:29:20.594Z","status":"success"}
[2026-03-19 05:29:22] INFO: {"method":"GET","url":"/community-posts/video/476/playlist.m3u8","role":"Anonymous","userId":"Anonymous","userName":"Anonymous","statusCode":302,"duration":"9ms","timestamp":"2026-03-19T05:29:22.981Z","status":"success"}
[2026-03-19 05:29:23] INFO: {"method":"GET","url":"/community-posts/video/462/playlist.m3u8","role":"Anonymous","userId":"Anonymous","userName":"Anonymous","statusCode":302,"duration":"8ms","timestamp":"2026-03-19T05:29:23.004Z","status":"success"}
[2026-03-19 05:29:23] INFO: {"method":"GET","url":"/community-posts/video/526/playlist.m3u8","role":"Anonymous","userId":"Anonymous","userName":"Anonymous","statusCode":302,"duration":"7ms","timestamp":"2026-03-19T05:29:23.044Z","status":"success"}
[2026-03-19 05:29:23] INFO: {"method":"GET","url":"/community-posts/476","role":"USER","userId":141,"userName":"huyne465","customHeader":"vi_VN","statusCode":200,"duration":"12ms","timestamp":"2026-03-19T05:29:23.991Z","status":"success"}
[2026-03-19 05:29:24] INFO: {"method":"GET","url":"/user-profiles/info/3","role":"USER","userId":141,"userName":"huyne465","customHeader":"vi_VN","statusCode":200,"duration":"154ms","timestamp":"2026-03-19T05:29:24.619Z","status":"success"}
[2026-03-19 05:29:25] INFO: {"method":"GET","url":"/users/141","role":"USER","userId":141,"userName":"huyne465","customHeader":"vi_VN","statusCode":200,"duration":"5ms","timestamp":"2026-03-19T05:29:25.510Z","status":"success"}
[2026-03-19 05:29:26] INFO: {"method":"GET","url":"/attachments?postId=476","role":"USER","userId":141,"userName":"huyne465","customHeader":"vi_VN","statusCode":200,"duration":"9ms","timestamp":"2026-03-19T05:29:26.654Z","status":"success"}
[2026-03-19 05:29:27] INFO: {"method":"POST","url":"/user-devices","role":"USER","userId":141,"userName":"huyne465","customHeader":"vi_VN","statusCode":201,"duration":"11ms","timestamp":"2026-03-19T05:29:27.504Z","status":"create_success","createdId":376}
[2026-03-19 05:29:35] INFO: {"method":"GET","url":"/community-posts/video/521/playlist.m3u8","role":"Anonymous","userId":"Anonymous","userName":"Anonymous","statusCode":302,"duration":"13ms","timestamp":"2026-03-19T05:29:35.725Z","status":"success"}
[2026-03-19 05:29:35] INFO: {"method":"GET","url":"/attachments?postId=462","role":"USER","userId":141,"userName":"huyne465","customHeader":"vi_VN","statusCode":200,"duration":"8ms","timestamp":"2026-03-19T05:29:35.938Z","status":"success"}
[2026-03-19 05:29:36] INFO: {"method":"GET","url":"/user-profiles/info/284","role":"USER","userId":141,"userName":"huyne465","customHeader":"vi_VN","statusCode":200,"duration":"159ms","timestamp":"2026-03-19T05:29:36.843Z","status":"success"}
[2026-03-19 05:29:37] INFO: {"method":"GET","url":"/community-posts/462","role":"USER","userId":141,"userName":"huyne465","customHeader":"vi_VN","statusCode":200,"duration":"8ms","timestamp":"2026-03-19T05:29:37.487Z","status":"success"}
[2026-03-19 05:29:40] INFO: {"method":"GET","url":"/attachments?postId=526","role":"USER","userId":141,"userName":"huyne465","customHeader":"vi_VN","statusCode":200,"duration":"8ms","timestamp":"2026-03-19T05:29:40.341Z","status":"success"}
[2026-03-19 05:29:40] INFO: {"method":"GET","url":"/user-profiles/info/281","role":"USER","userId":141,"userName":"huyne465","customHeader":"vi_VN","statusCode":200,"duration":"38ms","timestamp":"2026-03-19T05:29:40.987Z","status":"success"}
[2026-03-19 05:29:41] INFO: {"method":"GET","url":"/attachments?postId=526","role":"USER","userId":141,"userName":"huyne465","customHeader":"vi_VN","statusCode":200,"duration":"8ms","timestamp":"2026-03-19T05:29:41.340Z","status":"success"}
[2026-03-19 05:29:42] INFO: {"method":"GET","url":"/attachments?postId=476","role":"USER","userId":141,"userName":"huyne465","customHeader":"vi_VN","statusCode":200,"duration":"7ms","timestamp":"2026-03-19T05:29:42.579Z","status":"success"}
[2026-03-19 05:29:43] INFO: {"method":"GET","url":"/attachments?postId=476","role":"USER","userId":141,"userName":"huyne465","customHeader":"vi_VN","statusCode":200,"duration":"7ms","timestamp":"2026-03-19T05:29:43.635Z","status":"success"}
[2026-03-19 05:29:44] INFO: {"method":"GET","url":"/attachments?postId=526","role":"USER","userId":141,"userName":"huyne465","customHeader":"vi_VN","statusCode":200,"duration":"7ms","timestamp":"2026-03-19T05:29:44.395Z","status":"success"}
[2026-03-19 05:29:45] INFO: {"method":"GET","url":"/community-posts/video/514/playlist.m3u8","role":"Anonymous","userId":"Anonymous","userName":"Anonymous","statusCode":302,"duration":"7ms","timestamp":"2026-03-19T05:29:45.281Z","status":"success"}
[2026-03-19 05:29:45] INFO: {"method":"GET","url":"/community-posts/526","role":"USER","userId":141,"userName":"huyne465","customHeader":"vi_VN","statusCode":200,"duration":"7ms","timestamp":"2026-03-19T05:29:45.802Z","status":"success"}
[2026-03-19 05:29:46] INFO: {"method":"GET","url":"/attachments?postId=521","role":"USER","userId":141,"userName":"huyne465","customHeader":"vi_VN","statusCode":200,"duration":"11ms","timestamp":"2026-03-19T05:29:46.865Z","status":"success"}
[2026-03-19 05:29:50] INFO: {"method":"GET","url":"/community-posts/video/465/playlist.m3u8","role":"Anonymous","userId":"Anonymous","userName":"Anonymous","statusCode":302,"duration":"10ms","timestamp":"2026-03-19T05:29:50.575Z","status":"success"}
[2026-03-19 05:29:50] INFO: {"method":"GET","url":"/attachments?postId=521","role":"USER","userId":141,"userName":"huyne465","customHeader":"vi_VN","statusCode":200,"duration":"9ms","timestamp":"2026-03-19T05:29:50.801Z","status":"success"}
[2026-03-19 05:29:51] INFO: {"method":"GET","url":"/community-posts/521","role":"USER","userId":141,"userName":"huyne465","customHeader":"vi_VN","statusCode":200,"duration":"10ms","timestamp":"2026-03-19T05:29:51.097Z","status":"success"}
[2026-03-19 05:29:52] INFO: {"method":"GET","url":"/user-profiles/info/141?entry=10","role":"USER","userId":141,"userName":"huyne465","customHeader":"vi_VN","statusCode":200,"duration":"48ms","timestamp":"2026-03-19T05:29:52.690Z","status":"success"}
[2026-03-19 05:29:53] INFO: {"method":"GET","url":"/user-profiles/info/141","role":"USER","userId":141,"userName":"huyne465","customHeader":"vi_VN","statusCode":200,"duration":"20ms","timestamp":"2026-03-19T05:29:53.427Z","status":"success"}
[2026-03-19 05:29:54] INFO: {"method":"GET","url":"/user-profiles/recent-matches/141","role":"USER","userId":141,"userName":"huyne465","customHeader":"vi_VN","statusCode":200,"duration":"37ms","timestamp":"2026-03-19T05:29:54.510Z","status":"success"}
[2026-03-19 05:30:02] INFO: {"method":"GET","url":"/user-relations/followers/141?page=1&entry=50","role":"USER","userId":141,"userName":"huyne465","customHeader":"vi_VN","statusCode":200,"duration":"35ms","timestamp":"2026-03-19T05:30:02.839Z","status":"success"}
[2026-03-19 05:30:05] INFO: {"method":"GET","url":"/user-relations/following/141?page=1&entry=50","role":"USER","userId":141,"userName":"huyne465","customHeader":"vi_VN","statusCode":200,"duration":"47ms","timestamp":"2026-03-19T05:30:05.754Z","status":"success"}
[2026-03-19 05:30:13] INFO: {"method":"GET","url":"/user-profiles/info/3?entry=10","role":"USER","userId":141,"userName":"huyne465","customHeader":"vi_VN","statusCode":200,"duration":"205ms","timestamp":"2026-03-19T05:30:13.259Z","status":"success"}
[2026-03-19 05:30:13] INFO: {"method":"GET","url":"/user-profiles/info/3","role":"USER","userId":141,"userName":"huyne465","customHeader":"vi_VN","statusCode":200,"duration":"72ms","timestamp":"2026-03-19T05:30:13.908Z","status":"success"}
[2026-03-19 05:30:14] INFO: {"method":"GET","url":"/user-profiles/recent-matches/3","role":"USER","userId":141,"userName":"huyne465","customHeader":"vi_VN","statusCode":200,"duration":"95ms","timestamp":"2026-03-19T05:30:14.566Z","status":"success"}
[2026-03-19 05:30:34] INFO: {"method":"GET","url":"/user-profiles/info/3?entry=10&cursor=MjAyNi0wMi0yM1QwOToyNDowNi4wMDVa&excludeIds%5B%5D=553&excludeIds%5B%5D=547&excludeIds%5B%5D=545&excludeIds%5B%5D=542&excludeIds%5B%5D=538&excludeIds%5B%5D=536&excludeIds%5B%5D=532&excludeIds%5B%5D=530&excludeIds%5B%5D=527&excludeIds%5B%5D=524","role":"USER","userId":141,"userName":"huyne465","customHeader":"vi_VN","statusCode":200,"duration":"196ms","timestamp":"2026-03-19T05:30:34.424Z","status":"success"}
[2026-03-19 05:30:43] INFO: {"method":"GET","url":"/hosts?page=1&entry=10&sort=ASC&field=startTime&excludeField=password%2Cdescription%2ClocationNote%2Cqr_url%2CbankAccountNumber%2CbankName%2CtransferContent%2Cbanner_url%2CpaymentMethod%2CminAge%2CmaxAge","role":"USER","userId":141,"userName":"huyne465","customHeader":"vi_VN","statusCode":200,"duration":"23ms","timestamp":"2026-03-19T05:30:43.161Z","status":"success"}
[2026-03-19 05:30:44] INFO: {"method":"GET","url":"/hosts?page=1&entry=10&sort=ASC&field=startTime&excludeField=password%2Cdescription%2ClocationNote%2Cqr_url%2CbankAccountNumber%2CbankName%2CtransferContent%2Cbanner_url%2CpaymentMethod%2CminAge%2CmaxAge","role":"USER","userId":141,"userName":"huyne465","customHeader":"vi_VN","statusCode":200,"duration":"23ms","timestamp":"2026-03-19T05:30:44.025Z","status":"success"}
[2026-03-19 05:30:54] INFO: {"method":"GET","url":"/hosts?page=2&entry=10&sort=ASC&field=startTime&excludeField=password%2Cdescription%2ClocationNote%2Cqr_url%2CbankAccountNumber%2CbankName%2CtransferContent%2Cbanner_url%2CpaymentMethod%2CminAge%2CmaxAge","role":"USER","userId":141,"userName":"huyne465","customHeader":"vi_VN","statusCode":200,"duration":"22ms","timestamp":"2026-03-19T05:30:54.949Z","status":"success"}
[2026-03-19 05:45:50] ERROR: {"method":"GET","url":"/.well-known/assetlinks.json","role":"Anonymous","userId":"Anonymous","message":"Maximum call stack size exceeded","statusCode":500,"duration":"350ms","timestamp":"2026-03-19T05:45:50.134Z"}
[2026-03-19 05:54:13] ERROR: {"method":"GET","url":"/.well-known/assetlinks.json","role":"Anonymous","userId":"Anonymous","message":"Maximum call stack size exceeded","statusCode":500,"duration":"332ms","timestamp":"2026-03-19T05:54:13.117Z"}
[2026-03-19 06:47:31] INFO: 🚀 Host Match WebSocket Gateway initialized
[2026-03-19 06:47:31] INFO: 🚀 WebSocket Gateway initialized
[2026-03-19 06:47:31] INFO: 🚀 Community WebSocket Gateway initialized
[2026-03-19 06:47:31] INFO: 🚀 Tournament Match WebSocket Gateway initialized
[2026-03-19 07:19:01] INFO: 🚀 Host Match WebSocket Gateway initialized
[2026-03-19 07:19:01] INFO: 🚀 WebSocket Gateway initialized
[2026-03-19 07:19:01] INFO: 🚀 Community WebSocket Gateway initialized
[2026-03-19 07:19:01] INFO: 🚀 Tournament Match WebSocket Gateway initialized
[2026-03-19 10:55:32] ERROR: {"method":"GET","url":"/.well-known/assetlinks.json","role":"Anonymous","userId":"Anonymous","message":"Maximum call stack size exceeded","statusCode":500,"duration":"359ms","timestamp":"2026-03-19T10:55:32.805Z"}
[2026-03-19 10:55:33] ERROR: {"method":"GET","url":"/.well-known/assetlinks.json","role":"Anonymous","userId":"Anonymous","message":"Maximum call stack size exceeded","statusCode":500,"duration":"298ms","timestamp":"2026-03-19T10:55:33.135Z"}
[2026-03-19 10:55:34] ERROR: {"method":"GET","url":"/.well-known/assetlinks.json","role":"Anonymous","userId":"Anonymous","message":"Maximum call stack size exceeded","statusCode":500,"duration":"274ms","timestamp":"2026-03-19T10:55:34.639Z"}
[2026-03-19 11:23:04] INFO: {"method":"GET","url":"/","role":"Anonymous","userId":"Anonymous","userName":"Anonymous","statusCode":200,"duration":"5ms","timestamp":"2026-03-19T11:23:04.977Z","status":"success"}
[2026-03-19 16:56:07] INFO: {"method":"GET","url":"/","role":"Anonymous","userId":"Anonymous","userName":"Anonymous","statusCode":200,"duration":"2ms","timestamp":"2026-03-19T16:56:07.922Z","status":"success"}
[2026-03-19 19:46:58] ERROR: {"method":"GET","url":"/.well-known/assetlinks.json","role":"Anonymous","userId":"Anonymous","message":"Maximum call stack size exceeded","statusCode":500,"duration":"213ms","timestamp":"2026-03-19T19:46:58.691Z"}
[2026-03-19 20:16:52] ERROR: {"method":"GET","url":"/.well-known/assetlinks.json","role":"Anonymous","userId":"Anonymous","message":"Maximum call stack size exceeded","statusCode":500,"duration":"347ms","timestamp":"2026-03-19T20:16:52.524Z"}
[2026-03-19 20:22:10] INFO: {"method":"GET","url":"/","role":"Anonymous","userId":"Anonymous","userName":"Anonymous","statusCode":200,"duration":"2ms","timestamp":"2026-03-19T20:22:10.251Z","status":"success"}
[2026-03-19 20:26:58] ERROR: {"method":"GET","url":"/.well-known/assetlinks.json","role":"Anonymous","userId":"Anonymous","message":"Maximum call stack size exceeded","statusCode":500,"duration":"338ms","timestamp":"2026-03-19T20:26:58.245Z"}
[2026-03-19 20:45:04] ERROR: {"method":"GET","url":"/.well-known/assetlinks.json","role":"Anonymous","userId":"Anonymous","message":"Maximum call stack size exceeded","statusCode":500,"duration":"335ms","timestamp":"2026-03-19T20:45:04.973Z"}
[2026-03-19 21:06:23] ERROR: {"method":"GET","url":"/.well-known/assetlinks.json","role":"Anonymous","userId":"Anonymous","message":"Maximum call stack size exceeded","statusCode":500,"duration":"326ms","timestamp":"2026-03-19T21:06:23.597Z"}
[2026-03-19 22:14:56] ERROR: {"method":"GET","url":"/.well-known/assetlinks.json","role":"Anonymous","userId":"Anonymous","message":"Maximum call stack size exceeded","statusCode":500,"duration":"330ms","timestamp":"2026-03-19T22:14:56.129Z"}
