[2026-03-15 09:29:21] INFO: {"method":"GET","url":"/","role":"Anonymous","userId":"Anonymous","userName":"Anonymous","statusCode":200,"duration":"3ms","timestamp":"2026-03-15T09:29:21.959Z","status":"success"}
[2026-03-15 11:29:09] ERROR: {"method":"GET","url":"/hosts/public/demo_viewer_test_key_2026","role":"Anonymous","userId":"Anonymous","message":"Link chia sẻ không hợp lệ hoặc đã hết hạn","errorResponse":{"message":"Link chia sẻ không hợp lệ hoặc đã hết hạn","error":"Not Found","statusCode":404},"statusCode":404,"duration":"27ms","timestamp":"2026-03-15T11:29:09.208Z"}
[2026-03-15 12:54:20] ERROR: {"method":"GET","url":"/.well-known/assetlinks.json","role":"Anonymous","userId":"Anonymous","message":"Maximum call stack size exceeded","statusCode":500,"duration":"302ms","timestamp":"2026-03-15T12:54:20.768Z"}
[2026-03-15 12:54:32] INFO: {"method":"GET","url":"/onboardings?page=1&entry=10","role":"Anonymous","userId":"Anonymous","userName":"Anonymous","customHeader":"vi_VN","statusCode":200,"duration":"3ms","timestamp":"2026-03-15T12:54:32.275Z","status":"success"}
[2026-03-15 12:54:34] INFO: {"method":"GET","url":"/community-posts/feed?entry=10&direction=next","role":"Anonymous","userId":"Anonymous","userName":"Anonymous","customHeader":"vi_VN","statusCode":200,"duration":"46ms","timestamp":"2026-03-15T12:54:34.070Z","status":"success"}
[2026-03-15 12:54:34] INFO: {"method":"GET","url":"/community-posts/video/470/playlist.m3u8","role":"Anonymous","userId":"Anonymous","userName":"Anonymous","statusCode":302,"duration":"6ms","timestamp":"2026-03-15T12:54:34.775Z","status":"success"}
[2026-03-15 12:54:34] INFO: {"method":"GET","url":"/community-posts/video/499/playlist.m3u8","role":"Anonymous","userId":"Anonymous","userName":"Anonymous","statusCode":302,"duration":"5ms","timestamp":"2026-03-15T12:54:34.786Z","status":"success"}
[2026-03-15 12:54:34] INFO: {"method":"GET","url":"/community-posts/video/480/playlist.m3u8","role":"Anonymous","userId":"Anonymous","userName":"Anonymous","statusCode":302,"duration":"4ms","timestamp":"2026-03-15T12:54:34.811Z","status":"success"}
[2026-03-15 12:54:34] INFO: {"method":"GET","url":"/community-posts/470","role":"Anonymous","userId":"Anonymous","userName":"Anonymous","customHeader":"vi_VN","statusCode":200,"duration":"6ms","timestamp":"2026-03-15T12:54:34.852Z","status":"success"}
[2026-03-15 12:54:50] INFO: {"method":"POST","url":"/users/auth/login","role":"Anonymous","userId":18,"userName":"nhantest1","customHeader":"vi_VN","statusCode":201,"duration":"135ms","timestamp":"2026-03-15T12:54:50.351Z","status":"create_success","createdId":18}
[2026-03-15 12:54:54] INFO: {"method":"GET","url":"/users/18","role":"USER","userId":18,"userName":"nhantest1","customHeader":"vi_VN","statusCode":200,"duration":"7ms","timestamp":"2026-03-15T12:54:54.247Z","status":"success"}
[2026-03-15 12:54:59] INFO: ⚡ New connection attempt jWIZ9fusM7lRUv_DAAAF
[2026-03-15 12:54:59] INFO: userid57 18
[2026-03-15 12:54:59] INFO: ✅ Joining room: user_18
[2026-03-15 12:54:59] INFO: {"method":"GET","url":"/conversations?page=1&entry=10&sort=ASC&field=id&userId=18","role":"USER","userId":18,"userName":"nhantest1","customHeader":"vi_VN","statusCode":200,"duration":"32ms","timestamp":"2026-03-15T12:54:59.306Z","status":"success"}
[2026-03-15 12:55:00] INFO: {"method":"GET","url":"/chat-messages?page=1&entry=20&sort=DESC&field=id&conversationId=7","role":"USER","userId":18,"userName":"nhantest1","customHeader":"vi_VN","statusCode":200,"duration":"41ms","timestamp":"2026-03-15T12:55:00.373Z","status":"success"}
[2026-03-15 12:55:01] INFO: 📡 Emitting 'new_message' to user_18
[2026-03-15 12:55:01] INFO: 📡 Emitting 'new_message' to user_19
[2026-03-15 12:55:01] INFO: {"method":"POST","url":"/chat-messages","role":"USER","userId":18,"userName":"nhantest1","customHeader":"vi_VN","statusCode":201,"duration":"39ms","timestamp":"2026-03-15T12:55:01.795Z","status":"create_success","createdId":348}
[2026-03-15 12:55:01] INFO: {"method":"GET","url":"/conversations?page=1&entry=10&sort=ASC&field=id&userId=18","role":"USER","userId":18,"userName":"nhantest1","customHeader":"vi_VN","statusCode":200,"duration":"26ms","timestamp":"2026-03-15T12:55:01.959Z","status":"success"}
[2026-03-15 12:55:04] INFO: {"method":"GET","url":"/user-relations/ranking/18","role":"USER","userId":18,"userName":"nhantest1","customHeader":"vi_VN","statusCode":200,"duration":"7ms","timestamp":"2026-03-15T12:55:04.901Z","status":"success"}
[2026-03-15 12:55:06] INFO: {"method":"GET","url":"/user-profiles/info/18?entry=10","role":"USER","userId":18,"userName":"nhantest1","customHeader":"vi_VN","statusCode":200,"duration":"41ms","timestamp":"2026-03-15T12:55:06.296Z","status":"success"}
[2026-03-15 12:55:06] INFO: {"method":"GET","url":"/user-profiles/info/18","role":"USER","userId":18,"userName":"nhantest1","customHeader":"vi_VN","statusCode":200,"duration":"11ms","timestamp":"2026-03-15T12:55:06.468Z","status":"success"}
[2026-03-15 12:55:06] INFO: {"method":"GET","url":"/user-profiles/recent-matches/18","role":"USER","userId":18,"userName":"nhantest1","customHeader":"vi_VN","statusCode":200,"duration":"53ms","timestamp":"2026-03-15T12:55:06.691Z","status":"success"}
[2026-03-15 12:55:07] INFO: {"method":"GET","url":"/settings/15","role":"USER","userId":18,"userName":"nhantest1","customHeader":"vi_VN","statusCode":200,"duration":"4ms","timestamp":"2026-03-15T12:55:07.534Z","status":"success"}
[2026-03-15 12:55:09] INFO: {"method":"POST","url":"/users/auth/logout","role":"USER","userId":18,"userName":"nhantest1","customHeader":"vi_VN","statusCode":201,"duration":"13ms","timestamp":"2026-03-15T12:55:09.185Z","status":"create_success"}
[2026-03-15 12:55:14] INFO: {"method":"GET","url":"/tournaments?page=1&entry=10&sort=DESC&field=id","role":"Anonymous","userId":"Anonymous","userName":"Anonymous","customHeader":"vi_VN","statusCode":200,"duration":"218ms","timestamp":"2026-03-15T12:55:14.001Z","status":"success"}
[2026-03-15 18:44:57] ERROR: {"method":"GET","url":"/.well-known/assetlinks.json","role":"Anonymous","userId":"Anonymous","message":"Maximum call stack size exceeded","statusCode":500,"duration":"359ms","timestamp":"2026-03-15T18:44:57.051Z"}
[2026-03-15 19:53:22] INFO: {"method":"GET","url":"/","role":"Anonymous","userId":"Anonymous","userName":"Anonymous","statusCode":200,"duration":"6ms","timestamp":"2026-03-15T19:53:22.419Z","status":"success"}
[2026-03-15 19:59:56] ERROR: {"method":"GET","url":"/.well-known/assetlinks.json","role":"Anonymous","userId":"Anonymous","message":"Maximum call stack size exceeded","statusCode":500,"duration":"314ms","timestamp":"2026-03-15T19:59:56.896Z"}
