[2026-03-07 02:42:37] ERROR: {"method":"GET","url":"/.well-known/assetlinks.json","role":"Anonymous","userId":"Anonymous","message":"Maximum call stack size exceeded","statusCode":500,"duration":"260ms","timestamp":"2026-03-07T02:42:37.494Z"}
[2026-03-07 02:42:38] ERROR: {"method":"GET","url":"/.well-known/assetlinks.json","role":"Anonymous","userId":"Anonymous","message":"Maximum call stack size exceeded","statusCode":500,"duration":"243ms","timestamp":"2026-03-07T02:42:38.877Z"}
[2026-03-07 02:52:15] ERROR: {"method":"GET","url":"/.well-known/assetlinks.json","role":"Anonymous","userId":"Anonymous","message":"Maximum call stack size exceeded","statusCode":500,"duration":"282ms","timestamp":"2026-03-07T02:52:15.872Z"}
[2026-03-07 02:53:07] INFO: {"method":"GET","url":"/community-posts/feed?entry=10&direction=next","role":"Anonymous","userId":"Anonymous","userName":"Anonymous","customHeader":"vi_VN","statusCode":200,"duration":"89ms","timestamp":"2026-03-07T02:53:07.042Z","status":"success"}
[2026-03-07 02:53:11] INFO: {"method":"GET","url":"/community-posts/video/545/playlist.m3u8","role":"Anonymous","userId":"Anonymous","userName":"Anonymous","statusCode":302,"duration":"12ms","timestamp":"2026-03-07T02:53:11.882Z","status":"success"}
[2026-03-07 02:53:11] INFO: {"method":"GET","url":"/community-posts/video/554/playlist.m3u8","role":"Anonymous","userId":"Anonymous","userName":"Anonymous","statusCode":302,"duration":"8ms","timestamp":"2026-03-07T02:53:11.924Z","status":"success"}
[2026-03-07 02:53:12] INFO: {"method":"GET","url":"/community-posts/video/487/playlist.m3u8","role":"Anonymous","userId":"Anonymous","userName":"Anonymous","statusCode":302,"duration":"12ms","timestamp":"2026-03-07T02:53:12.045Z","status":"success"}
[2026-03-07 02:53:13] INFO: {"method":"GET","url":"/community-posts/545","role":"USER","userId":5,"userName":"hunglk03","customHeader":"vi_VN","statusCode":200,"duration":"14ms","timestamp":"2026-03-07T02:53:13.209Z","status":"success"}
[2026-03-07 02:53:13] INFO: {"method":"GET","url":"/attachments?postId=545","role":"USER","userId":5,"userName":"hunglk03","customHeader":"vi_VN","statusCode":200,"duration":"51ms","timestamp":"2026-03-07T02:53:13.791Z","status":"success"}
[2026-03-07 02:53:13] INFO: {"method":"GET","url":"/user-profiles/info/3","role":"USER","userId":5,"userName":"hunglk03","customHeader":"vi_VN","statusCode":200,"duration":"286ms","timestamp":"2026-03-07T02:53:13.818Z","status":"success"}
[2026-03-07 02:53:14] INFO: {"method":"GET","url":"/users/5","role":"USER","userId":5,"userName":"hunglk03","customHeader":"vi_VN","statusCode":200,"duration":"7ms","timestamp":"2026-03-07T02:53:14.173Z","status":"success"}
[2026-03-07 02:53:14] INFO: {"method":"POST","url":"/user-devices","role":"USER","userId":5,"userName":"hunglk03","customHeader":"vi_VN","statusCode":201,"duration":"26ms","timestamp":"2026-03-07T02:53:14.539Z","status":"create_success","createdId":317}
[2026-03-07 03:21:19] ERROR: {"method":"GET","url":"/.well-known/assetlinks.json","role":"Anonymous","userId":"Anonymous","message":"Maximum call stack size exceeded","statusCode":500,"duration":"312ms","timestamp":"2026-03-07T03:21:19.650Z"}
[2026-03-07 03:22:02] INFO: {"method":"GET","url":"/onboardings?page=1&entry=10","role":"Anonymous","userId":"Anonymous","userName":"Anonymous","customHeader":"vi_VN","statusCode":200,"duration":"25ms","timestamp":"2026-03-07T03:22:02.465Z","status":"success"}
[2026-03-07 03:22:12] INFO: {"method":"GET","url":"/community-posts/feed?entry=10&direction=next","role":"Anonymous","userId":"Anonymous","userName":"Anonymous","customHeader":"vi_VN","statusCode":200,"duration":"49ms","timestamp":"2026-03-07T03:22:12.503Z","status":"success"}
[2026-03-07 03:22:15] INFO: {"method":"GET","url":"/community-posts/video/547/playlist.m3u8","role":"Anonymous","userId":"Anonymous","userName":"Anonymous","statusCode":302,"duration":"10ms","timestamp":"2026-03-07T03:22:15.400Z","status":"success"}
[2026-03-07 03:22:15] INFO: {"method":"GET","url":"/community-posts/video/541/playlist.m3u8","role":"Anonymous","userId":"Anonymous","userName":"Anonymous","statusCode":302,"duration":"6ms","timestamp":"2026-03-07T03:22:15.477Z","status":"success"}
[2026-03-07 03:22:15] INFO: {"method":"GET","url":"/community-posts/video/526/playlist.m3u8","role":"Anonymous","userId":"Anonymous","userName":"Anonymous","statusCode":302,"duration":"6ms","timestamp":"2026-03-07T03:22:15.510Z","status":"success"}
[2026-03-07 03:22:16] INFO: {"method":"GET","url":"/community-posts/547","role":"Anonymous","userId":"Anonymous","userName":"Anonymous","customHeader":"vi_VN","statusCode":200,"duration":"6ms","timestamp":"2026-03-07T03:22:16.480Z","status":"success"}
[2026-03-07 03:22:24] INFO: {"method":"GET","url":"/tournaments?page=1&entry=10&sort=DESC&field=id","role":"Anonymous","userId":"Anonymous","userName":"Anonymous","customHeader":"vi_VN","statusCode":200,"duration":"250ms","timestamp":"2026-03-07T03:22:24.738Z","status":"success"}
[2026-03-07 03:22:57] INFO: {"method":"GET","url":"/","role":"Anonymous","userId":"Anonymous","userName":"Anonymous","statusCode":200,"duration":"3ms","timestamp":"2026-03-07T03:22:57.056Z","status":"success"}
[2026-03-07 03:23:14] INFO: {"method":"POST","url":"/users/auth/login","role":"Anonymous","userId":3,"userName":"vantu","customHeader":"vi_VN","statusCode":201,"duration":"198ms","timestamp":"2026-03-07T03:23:14.557Z","status":"create_success","createdId":3}
[2026-03-07 03:23:23] INFO: {"method":"GET","url":"/users/3","role":"USER","userId":3,"userName":"vantu","customHeader":"vi_VN","statusCode":200,"duration":"9ms","timestamp":"2026-03-07T03:23:23.452Z","status":"success"}
[2026-03-07 03:25:35] INFO: {"method":"GET","url":"/hosts/by-date?direction=DOWN&limit=10","role":"USER","userId":3,"userName":"vantu","customHeader":"vi_VN","statusCode":200,"duration":"52ms","timestamp":"2026-03-07T03:25:35.800Z","status":"success"}
[2026-03-07 03:25:36] INFO: {"method":"GET","url":"/hosts/by-date?direction=UP&limit=10","role":"USER","userId":3,"userName":"vantu","customHeader":"vi_VN","statusCode":200,"duration":"27ms","timestamp":"2026-03-07T03:25:36.672Z","status":"success"}
[2026-03-07 03:25:39] INFO: {"method":"GET","url":"/hosts/by-date?direction=DOWN&limit=10","role":"USER","userId":3,"userName":"vantu","customHeader":"vi_VN","statusCode":200,"duration":"30ms","timestamp":"2026-03-07T03:25:39.595Z","status":"success"}
[2026-03-07 03:25:40] INFO: {"method":"GET","url":"/hosts/by-date?direction=UP&limit=10","role":"USER","userId":3,"userName":"vantu","customHeader":"vi_VN","statusCode":200,"duration":"28ms","timestamp":"2026-03-07T03:25:40.333Z","status":"success"}
[2026-03-07 03:26:21] INFO: {"method":"GET","url":"/hosts/by-date?anchor_date=2026-03-10T08%3A00%3A00Z&direction=DOWN&limit=10","role":"USER","userId":3,"userName":"vantu","customHeader":"vi_VN","statusCode":200,"duration":"49ms","timestamp":"2026-03-07T03:26:21.292Z","status":"success"}
[2026-03-07 03:26:23] INFO: {"method":"GET","url":"/hosts/by-date?anchor_date=2026-03-10T08%3A00%3A00Z&direction=DOWN&limit=10","role":"USER","userId":3,"userName":"vantu","customHeader":"vi_VN","statusCode":200,"duration":"27ms","timestamp":"2026-03-07T03:26:23.253Z","status":"success"}
[2026-03-07 03:26:24] INFO: {"method":"GET","url":"/hosts/by-date?anchor_date=2026-03-10T08%3A00%3A00Z&direction=DOWN&limit=10","role":"USER","userId":3,"userName":"vantu","customHeader":"vi_VN","statusCode":200,"duration":"24ms","timestamp":"2026-03-07T03:26:24.791Z","status":"success"}
[2026-03-07 03:26:25] INFO: {"method":"GET","url":"/hosts/by-date?anchor_date=2026-03-10T08%3A00%3A00Z&direction=DOWN&limit=10","role":"USER","userId":3,"userName":"vantu","customHeader":"vi_VN","statusCode":200,"duration":"26ms","timestamp":"2026-03-07T03:26:25.998Z","status":"success"}
[2026-03-07 03:26:28] INFO: {"method":"GET","url":"/hosts/by-date?anchor_date=2026-03-10T08%3A00%3A00Z&direction=DOWN&limit=10","role":"USER","userId":3,"userName":"vantu","customHeader":"vi_VN","statusCode":200,"duration":"15ms","timestamp":"2026-03-07T03:26:28.966Z","status":"success"}
[2026-03-07 03:26:31] INFO: {"method":"GET","url":"/hosts/by-date?anchor_date=2026-03-10T08%3A00%3A00Z&direction=DOWN&limit=10","role":"USER","userId":3,"userName":"vantu","customHeader":"vi_VN","statusCode":200,"duration":"31ms","timestamp":"2026-03-07T03:26:31.965Z","status":"success"}
[2026-03-07 03:26:34] INFO: {"method":"GET","url":"/hosts/by-date?anchor_date=2026-03-10T08%3A00%3A00Z&direction=DOWN&limit=10","role":"USER","userId":3,"userName":"vantu","customHeader":"vi_VN","statusCode":200,"duration":"22ms","timestamp":"2026-03-07T03:26:34.031Z","status":"success"}
[2026-03-07 03:26:35] INFO: {"method":"GET","url":"/hosts/by-date?anchor_date=2026-03-10T08%3A00%3A00Z&direction=DOWN&limit=10","role":"USER","userId":3,"userName":"vantu","customHeader":"vi_VN","statusCode":200,"duration":"25ms","timestamp":"2026-03-07T03:26:35.146Z","status":"success"}
[2026-03-07 03:26:36] INFO: {"method":"GET","url":"/hosts/by-date?anchor_date=2026-03-10T08%3A00%3A00Z&direction=DOWN&limit=10","role":"USER","userId":3,"userName":"vantu","customHeader":"vi_VN","statusCode":200,"duration":"27ms","timestamp":"2026-03-07T03:26:36.275Z","status":"success"}
[2026-03-07 03:26:37] INFO: {"method":"GET","url":"/hosts/by-date?anchor_date=2026-03-10T08%3A00%3A00Z&direction=DOWN&limit=10","role":"USER","userId":3,"userName":"vantu","customHeader":"vi_VN","statusCode":200,"duration":"31ms","timestamp":"2026-03-07T03:26:37.432Z","status":"success"}
[2026-03-07 03:26:50] INFO: {"method":"GET","url":"/hosts/53","role":"USER","userId":3,"userName":"vantu","customHeader":"vi_VN","statusCode":200,"duration":"23ms","timestamp":"2026-03-07T03:26:50.561Z","status":"success"}
[2026-03-07 03:26:51] INFO: {"method":"GET","url":"/host-participants?page=1&entry=20&sort=ASC&field=id&hostId=53","role":"USER","userId":3,"userName":"vantu","customHeader":"vi_VN","statusCode":200,"duration":"55ms","timestamp":"2026-03-07T03:26:51.067Z","status":"success"}
[2026-03-07 03:26:51] INFO: {"method":"GET","url":"/host-participants?page=1&entry=20&sort=ASC&field=id&userId=3&hostId=53","role":"USER","userId":3,"userName":"vantu","customHeader":"vi_VN","statusCode":200,"duration":"9ms","timestamp":"2026-03-07T03:26:51.573Z","status":"success"}
[2026-03-07 03:26:59] INFO: {"method":"GET","url":"/hosts/53","role":"USER","userId":3,"userName":"vantu","customHeader":"vi_VN","statusCode":200,"duration":"6ms","timestamp":"2026-03-07T03:26:59.818Z","status":"success"}
[2026-03-07 03:27:00] INFO: {"method":"GET","url":"/host-participants?page=1&entry=20&sort=ASC&field=id&hostId=53","role":"USER","userId":3,"userName":"vantu","customHeader":"vi_VN","statusCode":200,"duration":"47ms","timestamp":"2026-03-07T03:27:00.353Z","status":"success"}
[2026-03-07 03:27:00] INFO: {"method":"GET","url":"/host-matches?page=1&entry=100&sort=ASC&field=id&hostId=53","role":"Anonymous","userId":"Anonymous","userName":"Anonymous","customHeader":"vi_VN","statusCode":200,"duration":"87ms","timestamp":"2026-03-07T03:27:00.981Z","status":"success"}
[2026-03-07 03:37:28] INFO: {"method":"GET","url":"/","role":"Anonymous","userId":"Anonymous","userName":"Anonymous","statusCode":200,"duration":"1ms","timestamp":"2026-03-07T03:37:28.697Z","status":"success"}
[2026-03-07 03:49:35] DEBUG: 📡 Emitting courtStatus for host 53
[2026-03-07 03:49:35] INFO: {"method":"POST","url":"/host-matches/49/finish","role":"Anonymous","userId":"Anonymous","userName":"Anonymous","customHeader":"vi_VN","statusCode":201,"duration":"160ms","timestamp":"2026-03-07T03:49:35.346Z","status":"create_success","createdId":49}
[2026-03-07 03:49:36] INFO: {"method":"GET","url":"/hosts/53","role":"USER","userId":3,"userName":"vantu","customHeader":"vi_VN","statusCode":200,"duration":"6ms","timestamp":"2026-03-07T03:49:36.049Z","status":"success"}
[2026-03-07 03:49:36] INFO: {"method":"GET","url":"/host-participants?page=1&entry=20&sort=ASC&field=id&hostId=53","role":"USER","userId":3,"userName":"vantu","customHeader":"vi_VN","statusCode":200,"duration":"50ms","timestamp":"2026-03-07T03:49:36.700Z","status":"success"}
[2026-03-07 03:49:37] INFO: {"method":"GET","url":"/host-matches?page=1&entry=100&sort=ASC&field=id&hostId=53","role":"Anonymous","userId":"Anonymous","userName":"Anonymous","customHeader":"vi_VN","statusCode":200,"duration":"78ms","timestamp":"2026-03-07T03:49:37.475Z","status":"success"}
[2026-03-07 03:50:19] INFO: {"method":"GET","url":"/host-matches?page=1&entry=10&sort=ASC&field=id&hostId=53","role":"Anonymous","userId":"Anonymous","userName":"Anonymous","customHeader":"vi_VN","statusCode":200,"duration":"98ms","timestamp":"2026-03-07T03:50:19.449Z","status":"success"}
[2026-03-07 03:51:02] INFO: {"method":"GET","url":"/host-matches/49","role":"Anonymous","userId":"Anonymous","userName":"Anonymous","customHeader":"vi_VN","statusCode":200,"duration":"56ms","timestamp":"2026-03-07T03:51:02.273Z","status":"success"}
[2026-03-07 03:52:03] INFO: {"method":"GET","url":"/hosts/by-date?anchor_date=2026-03-03T01%3A00%3A00Z&direction=UP&limit=10","role":"USER","userId":3,"userName":"vantu","customHeader":"vi_VN","statusCode":200,"duration":"49ms","timestamp":"2026-03-07T03:52:03.670Z","status":"success"}
[2026-03-07 03:52:05] INFO: {"method":"GET","url":"/hosts/by-date?anchor_date=2026-03-02T07%3A28%3A11Z&direction=UP&limit=10","role":"USER","userId":3,"userName":"vantu","customHeader":"vi_VN","statusCode":200,"duration":"19ms","timestamp":"2026-03-07T03:52:05.516Z","status":"success"}
[2026-03-07 03:52:17] INFO: {"method":"GET","url":"/host-participants?page=1&entry=20&sort=ASC&field=id&userId=3&hostId=51","role":"USER","userId":3,"userName":"vantu","customHeader":"vi_VN","statusCode":200,"duration":"32ms","timestamp":"2026-03-07T03:52:17.996Z","status":"success"}
[2026-03-07 03:52:20] INFO: {"method":"GET","url":"/hosts/51","role":"USER","userId":3,"userName":"vantu","customHeader":"vi_VN","statusCode":200,"duration":"9ms","timestamp":"2026-03-07T03:52:20.944Z","status":"success"}
[2026-03-07 03:52:21] INFO: {"method":"GET","url":"/host-participants?page=1&entry=20&sort=ASC&field=id&hostId=51","role":"USER","userId":3,"userName":"vantu","customHeader":"vi_VN","statusCode":200,"duration":"10ms","timestamp":"2026-03-07T03:52:21.680Z","status":"success"}
[2026-03-07 03:52:22] INFO: {"method":"GET","url":"/host-participants?page=1&entry=20&sort=ASC&field=id&userId=3&hostId=51","role":"USER","userId":3,"userName":"vantu","customHeader":"vi_VN","statusCode":200,"duration":"10ms","timestamp":"2026-03-07T03:52:22.330Z","status":"success"}
[2026-03-07 03:52:43] INFO: {"method":"GET","url":"/hosts/60","role":"USER","userId":3,"userName":"vantu","customHeader":"vi_VN","statusCode":200,"duration":"32ms","timestamp":"2026-03-07T03:52:43.518Z","status":"success"}
[2026-03-07 03:52:44] INFO: {"method":"GET","url":"/host-participants?page=1&entry=20&sort=ASC&field=id&hostId=60","role":"USER","userId":3,"userName":"vantu","customHeader":"vi_VN","statusCode":200,"duration":"20ms","timestamp":"2026-03-07T03:52:44.053Z","status":"success"}
[2026-03-07 03:52:44] INFO: {"method":"GET","url":"/host-participants?page=1&entry=20&sort=ASC&field=id&userId=3&hostId=60","role":"USER","userId":3,"userName":"vantu","customHeader":"vi_VN","statusCode":200,"duration":"9ms","timestamp":"2026-03-07T03:52:44.853Z","status":"success"}
[2026-03-07 03:52:50] INFO: {"method":"GET","url":"/hosts/60","role":"USER","userId":3,"userName":"vantu","customHeader":"vi_VN","statusCode":200,"duration":"6ms","timestamp":"2026-03-07T03:52:50.778Z","status":"success"}
[2026-03-07 03:52:51] INFO: {"method":"GET","url":"/host-participants?page=1&entry=20&sort=ASC&field=id&hostId=60","role":"USER","userId":3,"userName":"vantu","customHeader":"vi_VN","statusCode":200,"duration":"33ms","timestamp":"2026-03-07T03:52:51.291Z","status":"success"}
[2026-03-07 03:52:51] INFO: {"method":"GET","url":"/host-matches?page=1&entry=100&sort=ASC&field=id&hostId=60","role":"Anonymous","userId":"Anonymous","userName":"Anonymous","customHeader":"vi_VN","statusCode":200,"duration":"36ms","timestamp":"2026-03-07T03:52:51.837Z","status":"success"}
[2026-03-07 03:52:58] INFO: {"method":"GET","url":"/host-participants?page=1&entry=20&sort=ASC&field=id&hostId=60&status=accepted","role":"USER","userId":3,"userName":"vantu","customHeader":"vi_VN","statusCode":200,"duration":"29ms","timestamp":"2026-03-07T03:52:58.565Z","status":"success"}
[2026-03-07 03:53:01] INFO: {"method":"POST","url":"/host-matches/73/players","role":"Anonymous","userId":"Anonymous","userName":"Anonymous","customHeader":"vi_VN","statusCode":201,"duration":"31ms","timestamp":"2026-03-07T03:53:01.776Z","status":"create_success","createdId":73}
[2026-03-07 03:53:02] INFO: {"method":"POST","url":"/host-matches/73/players","role":"Anonymous","userId":"Anonymous","userName":"Anonymous","customHeader":"vi_VN","statusCode":201,"duration":"31ms","timestamp":"2026-03-07T03:53:02.545Z","status":"create_success","createdId":73}
[2026-03-07 03:53:03] INFO: {"method":"GET","url":"/hosts/60","role":"USER","userId":3,"userName":"vantu","customHeader":"vi_VN","statusCode":200,"duration":"7ms","timestamp":"2026-03-07T03:53:03.328Z","status":"success"}
[2026-03-07 03:53:04] INFO: {"method":"GET","url":"/host-participants?page=1&entry=20&sort=ASC&field=id&hostId=60&status=accepted","role":"USER","userId":3,"userName":"vantu","customHeader":"vi_VN","statusCode":200,"duration":"30ms","timestamp":"2026-03-07T03:53:04.363Z","status":"success"}
[2026-03-07 03:53:05] INFO: {"method":"GET","url":"/hosts/60","role":"USER","userId":3,"userName":"vantu","customHeader":"vi_VN","statusCode":200,"duration":"6ms","timestamp":"2026-03-07T03:53:05.177Z","status":"success"}
[2026-03-07 03:53:06] INFO: {"method":"GET","url":"/host-participants?page=1&entry=20&sort=ASC&field=id&hostId=60","role":"USER","userId":3,"userName":"vantu","customHeader":"vi_VN","statusCode":200,"duration":"30ms","timestamp":"2026-03-07T03:53:06.210Z","status":"success"}
[2026-03-07 03:53:06] INFO: {"method":"GET","url":"/host-participants?page=1&entry=20&sort=ASC&field=id&hostId=60","role":"USER","userId":3,"userName":"vantu","customHeader":"vi_VN","statusCode":200,"duration":"28ms","timestamp":"2026-03-07T03:53:06.893Z","status":"success"}
[2026-03-07 03:53:07] INFO: {"method":"GET","url":"/host-matches?page=1&entry=100&sort=ASC&field=id&hostId=60","role":"Anonymous","userId":"Anonymous","userName":"Anonymous","customHeader":"vi_VN","statusCode":200,"duration":"60ms","timestamp":"2026-03-07T03:53:07.464Z","status":"success"}
[2026-03-07 03:53:08] INFO: {"method":"GET","url":"/host-matches?page=1&entry=100&sort=ASC&field=id&hostId=60","role":"Anonymous","userId":"Anonymous","userName":"Anonymous","customHeader":"vi_VN","statusCode":200,"duration":"47ms","timestamp":"2026-03-07T03:53:08.195Z","status":"success"}
[2026-03-07 03:53:11] INFO: {"method":"POST","url":"/host-matches/73/players","role":"Anonymous","userId":"Anonymous","userName":"Anonymous","customHeader":"vi_VN","statusCode":201,"duration":"43ms","timestamp":"2026-03-07T03:53:11.004Z","status":"create_success","createdId":73}
[2026-03-07 03:53:11] INFO: {"method":"POST","url":"/host-matches/73/players","role":"Anonymous","userId":"Anonymous","userName":"Anonymous","customHeader":"vi_VN","statusCode":201,"duration":"41ms","timestamp":"2026-03-07T03:53:11.440Z","status":"create_success","createdId":73}
[2026-03-07 03:53:11] INFO: {"method":"GET","url":"/hosts/60","role":"USER","userId":3,"userName":"vantu","customHeader":"vi_VN","statusCode":200,"duration":"9ms","timestamp":"2026-03-07T03:53:11.887Z","status":"success"}
[2026-03-07 03:53:12] INFO: {"method":"GET","url":"/hosts/60","role":"USER","userId":3,"userName":"vantu","customHeader":"vi_VN","statusCode":200,"duration":"5ms","timestamp":"2026-03-07T03:53:12.331Z","status":"success"}
[2026-03-07 03:53:12] INFO: {"method":"GET","url":"/host-participants?page=1&entry=20&sort=ASC&field=id&hostId=60","role":"USER","userId":3,"userName":"vantu","customHeader":"vi_VN","statusCode":200,"duration":"33ms","timestamp":"2026-03-07T03:53:12.732Z","status":"success"}
[2026-03-07 03:53:13] INFO: {"method":"GET","url":"/host-participants?page=1&entry=20&sort=ASC&field=id&hostId=60","role":"USER","userId":3,"userName":"vantu","customHeader":"vi_VN","statusCode":200,"duration":"27ms","timestamp":"2026-03-07T03:53:13.390Z","status":"success"}
[2026-03-07 03:53:13] INFO: {"method":"GET","url":"/host-matches?page=1&entry=100&sort=ASC&field=id&hostId=60","role":"Anonymous","userId":"Anonymous","userName":"Anonymous","customHeader":"vi_VN","statusCode":200,"duration":"47ms","timestamp":"2026-03-07T03:53:13.887Z","status":"success"}
[2026-03-07 03:53:14] INFO: {"method":"GET","url":"/host-matches?page=1&entry=100&sort=ASC&field=id&hostId=60","role":"Anonymous","userId":"Anonymous","userName":"Anonymous","customHeader":"vi_VN","statusCode":200,"duration":"53ms","timestamp":"2026-03-07T03:53:14.546Z","status":"success"}
[2026-03-07 03:53:19] INFO: 📣 Emitting 'hostMatchStatusUpdate' to room: host_match_73
[2026-03-07 03:53:19] INFO: {"method":"POST","url":"/host-matches/73/start","role":"Anonymous","userId":"Anonymous","userName":"Anonymous","customHeader":"vi_VN","statusCode":201,"duration":"40ms","timestamp":"2026-03-07T03:53:19.415Z","status":"create_success","createdId":73}
[2026-03-07 03:53:20] INFO: {"method":"GET","url":"/hosts/60","role":"USER","userId":3,"userName":"vantu","customHeader":"vi_VN","statusCode":200,"duration":"7ms","timestamp":"2026-03-07T03:53:20.125Z","status":"success"}
[2026-03-07 03:53:20] INFO: {"method":"GET","url":"/host-participants?page=1&entry=20&sort=ASC&field=id&hostId=60","role":"USER","userId":3,"userName":"vantu","customHeader":"vi_VN","statusCode":200,"duration":"28ms","timestamp":"2026-03-07T03:53:20.834Z","status":"success"}
[2026-03-07 03:53:21] INFO: {"method":"GET","url":"/host-matches?page=1&entry=100&sort=ASC&field=id&hostId=60","role":"Anonymous","userId":"Anonymous","userName":"Anonymous","customHeader":"vi_VN","statusCode":200,"duration":"57ms","timestamp":"2026-03-07T03:53:21.562Z","status":"success"}
[2026-03-07 04:11:38] ERROR: {"method":"PATCH","url":"/host-matches/73","role":"Anonymous","userId":"Anonymous","customHeader":"vi_VN","message":"Please use /finish endpoint to finish a match","errorResponse":{"message":"Please use /finish endpoint to finish a match","error":"Bad Request","statusCode":400},"statusCode":400,"duration":"40ms","timestamp":"2026-03-07T04:11:38.116Z"}
[2026-03-07 04:11:56] INFO: {"method":"GET","url":"/host-matches/73","role":"Anonymous","userId":"Anonymous","userName":"Anonymous","customHeader":"vi_VN","statusCode":200,"duration":"43ms","timestamp":"2026-03-07T04:11:56.868Z","status":"success"}
[2026-03-07 04:13:18] INFO: {"method":"PATCH","url":"/host-matches/73","role":"Anonymous","userId":"Anonymous","userName":"Anonymous","customHeader":"vi_VN","statusCode":200,"duration":"66ms","timestamp":"2026-03-07T04:13:18.210Z","status":"success"}
[2026-03-07 04:13:35] INFO: {"method":"GET","url":"/host-matches/73","role":"Anonymous","userId":"Anonymous","userName":"Anonymous","customHeader":"vi_VN","statusCode":200,"duration":"44ms","timestamp":"2026-03-07T04:13:35.069Z","status":"success"}
[2026-03-07 04:22:04] INFO: {"method":"GET","url":"/hosts/60","role":"USER","userId":3,"userName":"vantu","customHeader":"vi_VN","statusCode":200,"duration":"22ms","timestamp":"2026-03-07T04:22:04.213Z","status":"success"}
[2026-03-07 04:22:04] INFO: {"method":"GET","url":"/host-participants?page=1&entry=20&sort=ASC&field=id&hostId=60","role":"USER","userId":3,"userName":"vantu","customHeader":"vi_VN","statusCode":200,"duration":"33ms","timestamp":"2026-03-07T04:22:04.850Z","status":"success"}
[2026-03-07 04:22:05] INFO: {"method":"GET","url":"/host-matches?page=1&entry=100&sort=ASC&field=id&hostId=60","role":"Anonymous","userId":"Anonymous","userName":"Anonymous","customHeader":"vi_VN","statusCode":200,"duration":"49ms","timestamp":"2026-03-07T04:22:05.485Z","status":"success"}
[2026-03-07 04:22:34] INFO: {"method":"PATCH","url":"/host-matches/73","role":"Anonymous","userId":"Anonymous","userName":"Anonymous","customHeader":"vi_VN","statusCode":200,"duration":"61ms","timestamp":"2026-03-07T04:22:34.851Z","status":"success"}
[2026-03-07 04:22:35] DEBUG: 📡 Emitting courtStatus for host 60
[2026-03-07 04:22:35] INFO: {"method":"POST","url":"/host-matches/73/finish","role":"Anonymous","userId":"Anonymous","userName":"Anonymous","customHeader":"vi_VN","statusCode":201,"duration":"133ms","timestamp":"2026-03-07T04:22:35.608Z","status":"create_success","createdId":73}
[2026-03-07 04:28:37] INFO: {"method":"GET","url":"/hosts/60","role":"USER","userId":3,"userName":"vantu","customHeader":"vi_VN","statusCode":200,"duration":"21ms","timestamp":"2026-03-07T04:28:37.779Z","status":"success"}
[2026-03-07 04:28:38] INFO: {"method":"GET","url":"/host-participants?page=1&entry=20&sort=ASC&field=id&hostId=60","role":"USER","userId":3,"userName":"vantu","customHeader":"vi_VN","statusCode":200,"duration":"25ms","timestamp":"2026-03-07T04:28:38.343Z","status":"success"}
[2026-03-07 04:28:38] INFO: {"method":"GET","url":"/host-matches?page=1&entry=100&sort=ASC&field=id&hostId=60","role":"Anonymous","userId":"Anonymous","userName":"Anonymous","customHeader":"vi_VN","statusCode":200,"duration":"39ms","timestamp":"2026-03-07T04:28:38.940Z","status":"success"}
[2026-03-07 04:47:20] ERROR: {"method":"GET","url":"/.well-known/assetlinks.json","role":"Anonymous","userId":"Anonymous","message":"Maximum call stack size exceeded","statusCode":500,"duration":"274ms","timestamp":"2026-03-07T04:47:20.431Z"}
[2026-03-07 04:47:47] INFO: {"method":"GET","url":"/community-posts/feed?entry=10&direction=next","role":"Anonymous","userId":"Anonymous","userName":"Anonymous","customHeader":"vi_VN","statusCode":200,"duration":"75ms","timestamp":"2026-03-07T04:47:47.402Z","status":"success"}
[2026-03-07 04:47:49] INFO: {"method":"GET","url":"/users/3","role":"USER","userId":3,"userName":"vantu","customHeader":"vi_VN","statusCode":200,"duration":"6ms","timestamp":"2026-03-07T04:47:49.728Z","status":"success"}
[2026-03-07 04:47:49] INFO: {"method":"GET","url":"/community-posts/video/512/playlist.m3u8","role":"Anonymous","userId":"Anonymous","userName":"Anonymous","statusCode":302,"duration":"11ms","timestamp":"2026-03-07T04:47:49.906Z","status":"success"}
[2026-03-07 04:47:49] INFO: {"method":"GET","url":"/community-posts/video/483/playlist.m3u8","role":"Anonymous","userId":"Anonymous","userName":"Anonymous","statusCode":302,"duration":"30ms","timestamp":"2026-03-07T04:47:49.929Z","status":"success"}
[2026-03-07 04:47:50] INFO: {"method":"GET","url":"/community-posts/video/513/playlist.m3u8","role":"Anonymous","userId":"Anonymous","userName":"Anonymous","statusCode":302,"duration":"7ms","timestamp":"2026-03-07T04:47:50.303Z","status":"success"}
[2026-03-07 04:47:53] INFO: {"method":"GET","url":"/community-posts/483","role":"USER","userId":3,"userName":"vantu","customHeader":"vi_VN","statusCode":200,"duration":"8ms","timestamp":"2026-03-07T04:47:53.499Z","status":"success"}
[2026-03-07 04:47:54] INFO: {"method":"GET","url":"/user-profiles/info/280","role":"USER","userId":3,"userName":"vantu","customHeader":"vi_VN","statusCode":200,"duration":"145ms","timestamp":"2026-03-07T04:47:54.029Z","status":"success"}
[2026-03-07 04:47:54] INFO: {"method":"GET","url":"/attachments?postId=483","role":"USER","userId":3,"userName":"vantu","customHeader":"vi_VN","statusCode":200,"duration":"11ms","timestamp":"2026-03-07T04:47:54.387Z","status":"success"}
[2026-03-07 04:47:55] INFO: {"method":"POST","url":"/user-devices","role":"USER","userId":3,"userName":"vantu","customHeader":"vi_VN","statusCode":201,"duration":"25ms","timestamp":"2026-03-07T04:47:55.598Z","status":"create_success","createdId":355}
[2026-03-07 04:47:57] INFO: {"method":"GET","url":"/tournaments?page=1&entry=10&sort=DESC&field=id","role":"Anonymous","userId":"Anonymous","userName":"Anonymous","customHeader":"vi_VN","statusCode":200,"duration":"166ms","timestamp":"2026-03-07T04:47:57.724Z","status":"success"}
[2026-03-07 04:48:50] INFO: {"method":"GET","url":"/hosts/by-date?direction=DOWN&limit=10","role":"USER","userId":3,"userName":"vantu","customHeader":"vi_VN","statusCode":200,"duration":"35ms","timestamp":"2026-03-07T04:48:50.893Z","status":"success"}
[2026-03-07 04:48:51] INFO: {"method":"GET","url":"/hosts/by-date?direction=UP&limit=10","role":"USER","userId":3,"userName":"vantu","customHeader":"vi_VN","statusCode":200,"duration":"23ms","timestamp":"2026-03-07T04:48:51.725Z","status":"success"}
[2026-03-07 04:48:58] INFO: {"method":"GET","url":"/hosts/60","role":"USER","userId":3,"userName":"vantu","customHeader":"vi_VN","statusCode":200,"duration":"8ms","timestamp":"2026-03-07T04:48:58.262Z","status":"success"}
[2026-03-07 04:48:58] INFO: {"method":"GET","url":"/host-participants?page=1&entry=20&sort=ASC&field=id&hostId=60","role":"USER","userId":3,"userName":"vantu","customHeader":"vi_VN","statusCode":200,"duration":"41ms","timestamp":"2026-03-07T04:48:58.735Z","status":"success"}
[2026-03-07 04:48:59] INFO: {"method":"GET","url":"/host-participants?page=1&entry=20&sort=ASC&field=id&userId=3&hostId=60","role":"USER","userId":3,"userName":"vantu","customHeader":"vi_VN","statusCode":200,"duration":"10ms","timestamp":"2026-03-07T04:48:59.212Z","status":"success"}
[2026-03-07 04:49:08] INFO: {"method":"GET","url":"/hosts/60","role":"USER","userId":3,"userName":"vantu","customHeader":"vi_VN","statusCode":200,"duration":"7ms","timestamp":"2026-03-07T04:49:08.732Z","status":"success"}
[2026-03-07 04:49:09] INFO: {"method":"GET","url":"/host-participants?page=1&entry=20&sort=ASC&field=id&hostId=60","role":"USER","userId":3,"userName":"vantu","customHeader":"vi_VN","statusCode":200,"duration":"33ms","timestamp":"2026-03-07T04:49:09.353Z","status":"success"}
[2026-03-07 04:49:10] INFO: {"method":"GET","url":"/host-matches?page=1&entry=100&sort=ASC&field=id&hostId=60","role":"Anonymous","userId":"Anonymous","userName":"Anonymous","customHeader":"vi_VN","statusCode":200,"duration":"60ms","timestamp":"2026-03-07T04:49:10.334Z","status":"success"}
[2026-03-07 05:00:10] INFO: {"method":"GET","url":"/community-posts/feed?entry=10&direction=next","role":"Anonymous","userId":"Anonymous","userName":"Anonymous","customHeader":"vi_VN","statusCode":200,"duration":"55ms","timestamp":"2026-03-07T05:00:10.794Z","status":"success"}
[2026-03-07 05:00:13] INFO: {"method":"GET","url":"/community-posts/video/496/playlist.m3u8","role":"Anonymous","userId":"Anonymous","userName":"Anonymous","statusCode":302,"duration":"8ms","timestamp":"2026-03-07T05:00:13.197Z","status":"success"}
[2026-03-07 05:00:13] INFO: {"method":"GET","url":"/community-posts/video/568/playlist.m3u8","role":"Anonymous","userId":"Anonymous","userName":"Anonymous","statusCode":302,"duration":"7ms","timestamp":"2026-03-07T05:00:13.226Z","status":"success"}
[2026-03-07 05:00:13] INFO: {"method":"GET","url":"/community-posts/video/555/playlist.m3u8","role":"Anonymous","userId":"Anonymous","userName":"Anonymous","statusCode":302,"duration":"7ms","timestamp":"2026-03-07T05:00:13.284Z","status":"success"}
[2026-03-07 08:57:15] INFO: {"method":"GET","url":"/","role":"Anonymous","userId":"Anonymous","userName":"Anonymous","statusCode":200,"duration":"3ms","timestamp":"2026-03-07T08:57:15.370Z","status":"success"}
[2026-03-07 08:57:17] INFO: {"method":"GET","url":"/","role":"Anonymous","userId":"Anonymous","userName":"Anonymous","statusCode":200,"duration":"2ms","timestamp":"2026-03-07T08:57:17.133Z","status":"success"}
[2026-03-07 10:55:11] INFO: 🚀 Host Match WebSocket Gateway initialized
[2026-03-07 10:55:11] INFO: 🚀 WebSocket Gateway initialized
[2026-03-07 10:55:11] INFO: 🚀 Community WebSocket Gateway initialized
[2026-03-07 10:55:11] INFO: 🚀 Tournament Match WebSocket Gateway initialized
[2026-03-07 14:24:02] ERROR: {"method":"GET","url":"/.well-known/assetlinks.json","role":"Anonymous","userId":"Anonymous","message":"Maximum call stack size exceeded","statusCode":500,"duration":"328ms","timestamp":"2026-03-07T14:24:02.483Z"}
[2026-03-07 14:29:27] INFO: {"method":"POST","url":"/users/auth/login","role":"Anonymous","userId":18,"userName":"nhantest1","customHeader":"vi_VN","statusCode":201,"duration":"277ms","timestamp":"2026-03-07T14:29:27.849Z","status":"create_success","createdId":18}
[2026-03-07 14:29:45] INFO: {"method":"GET","url":"/chat-messages?page=1&entry=10&sort=ASC&field=id&conversationId=3","role":"USER","userId":18,"userName":"nhantest1","customHeader":"vi_VN","statusCode":200,"duration":"94ms","timestamp":"2026-03-07T14:29:45.050Z","status":"success"}
[2026-03-07 14:31:35] ERROR: {"method":"GET","url":"/chat-messages?page=1&entry=1000&sort=ASC&field=id&conversationId=3","role":"USER","userId":18,"customHeader":"vi_VN","message":"Bad Request Exception","errorResponse":{"statusCode":400,"message":[{"field":"entry","message":"Giá trị tối đa là $constraint1"}],"error":"BadRequestException"},"statusCode":400,"duration":"5ms","timestamp":"2026-03-07T14:31:35.202Z"}
[2026-03-07 14:31:40] INFO: {"method":"GET","url":"/chat-messages?page=1&entry=100&sort=ASC&field=id&conversationId=3","role":"USER","userId":18,"userName":"nhantest1","customHeader":"vi_VN","statusCode":200,"duration":"138ms","timestamp":"2026-03-07T14:31:40.003Z","status":"success"}
[2026-03-07 14:42:25] INFO: {"method":"GET","url":"/chat-messages?page=1&entry=10&sort=ASC&field=id&conversationId=3","role":"USER","userId":18,"userName":"nhantest1","customHeader":"vi_VN","statusCode":200,"duration":"60ms","timestamp":"2026-03-07T14:42:25.845Z","status":"success"}
[2026-03-07 16:12:25] INFO: {"method":"GET","url":"/","role":"Anonymous","userId":"Anonymous","userName":"Anonymous","statusCode":200,"duration":"1ms","timestamp":"2026-03-07T16:12:25.458Z","status":"success"}
[2026-03-07 16:13:49] INFO: 🚀 Host Match WebSocket Gateway initialized
[2026-03-07 16:13:49] INFO: 🚀 WebSocket Gateway initialized
[2026-03-07 16:13:49] INFO: 🚀 Community WebSocket Gateway initialized
[2026-03-07 16:13:49] INFO: 🚀 Tournament Match WebSocket Gateway initialized
[2026-03-07 16:35:05] INFO: {"method":"GET","url":"/","role":"Anonymous","userId":"Anonymous","userName":"Anonymous","statusCode":200,"duration":"10ms","timestamp":"2026-03-07T16:35:05.011Z","status":"success"}
[2026-03-07 17:41:20] ERROR: {"method":"GET","url":"/.well-known/assetlinks.json","role":"Anonymous","userId":"Anonymous","message":"Maximum call stack size exceeded","statusCode":500,"duration":"315ms","timestamp":"2026-03-07T17:41:20.398Z"}
[2026-03-07 18:03:28] ERROR: {"method":"GET","url":"/.well-known/assetlinks.json","role":"Anonymous","userId":"Anonymous","message":"Maximum call stack size exceeded","statusCode":500,"duration":"291ms","timestamp":"2026-03-07T18:03:28.988Z"}
[2026-03-07 18:35:41] ERROR: {"method":"GET","url":"/.well-known/assetlinks.json","role":"Anonymous","userId":"Anonymous","message":"Maximum call stack size exceeded","statusCode":500,"duration":"309ms","timestamp":"2026-03-07T18:35:41.478Z"}
