[2026-03-04 02:58:54] ERROR: {"method":"GET","url":"/.well-known/assetlinks.json","role":"Anonymous","userId":"Anonymous","message":"Maximum call stack size exceeded","statusCode":500,"duration":"294ms","timestamp":"2026-03-04T02:58:54.844Z"}
[2026-03-04 03:43:33] ERROR: {"method":"GET","url":"/.well-known/assetlinks.json","role":"Anonymous","userId":"Anonymous","message":"Maximum call stack size exceeded","statusCode":500,"duration":"316ms","timestamp":"2026-03-04T03:43:33.598Z"}
[2026-03-04 03:45:58] ERROR: {"method":"GET","url":"/.well-known/assetlinks.json","role":"Anonymous","userId":"Anonymous","message":"Maximum call stack size exceeded","statusCode":500,"duration":"330ms","timestamp":"2026-03-04T03:45:58.531Z"}
[2026-03-04 03:46:15] INFO: {"method":"GET","url":"/onboardings?page=1&entry=10","role":"Anonymous","userId":"Anonymous","userName":"Anonymous","customHeader":"vi_VN","statusCode":200,"duration":"5ms","timestamp":"2026-03-04T03:46:15.053Z","status":"success"}
[2026-03-04 03:46:44] INFO: {"method":"POST","url":"/users/auth/login","role":"Anonymous","userId":3,"userName":"vantu","customHeader":"vi_VN","statusCode":201,"duration":"199ms","timestamp":"2026-03-04T03:46:44.179Z","status":"create_success","createdId":3}
[2026-03-04 03:46:44] ERROR: {"method":"POST","url":"/user-devices","role":"USER","userId":3,"customHeader":"vi_VN","message":"Bad Request Exception","errorResponse":{"statusCode":400,"message":[{"field":"tokenDevice","message":"Không được để trống"}],"error":"BadRequestException"},"statusCode":400,"duration":"4ms","timestamp":"2026-03-04T03:46:44.865Z"}
[2026-03-04 03:46:48] INFO: {"method":"GET","url":"/navbar?page=1&entry=100&sort=ASC&field=id","role":"Anonymous","userId":"Anonymous","userName":"Anonymous","customHeader":"vi_VN","statusCode":200,"duration":"7ms","timestamp":"2026-03-04T03:46:48.829Z","status":"success"}
[2026-03-04 03:46:48] INFO: {"method":"GET","url":"/community-posts/feed?entry=10&direction=next","role":"USER","userId":3,"userName":"vantu","customHeader":"vi_VN","statusCode":200,"duration":"204ms","timestamp":"2026-03-04T03:46:48.926Z","status":"success"}
[2026-03-04 03:46:49] INFO: {"method":"GET","url":"/community-posts/477","role":"USER","userId":3,"userName":"vantu","customHeader":"vi_VN","statusCode":200,"duration":"12ms","timestamp":"2026-03-04T03:46:49.823Z","status":"success"}
[2026-03-04 03:46:50] INFO: {"method":"GET","url":"/users/3","role":"USER","userId":3,"userName":"vantu","customHeader":"vi_VN","statusCode":200,"duration":"8ms","timestamp":"2026-03-04T03:46:50.094Z","status":"success"}
[2026-03-04 03:46:52] INFO: {"method":"GET","url":"/tournaments?page=1&entry=10&sort=DESC&field=id","role":"Anonymous","userId":"Anonymous","userName":"Anonymous","customHeader":"vi_VN","statusCode":200,"duration":"196ms","timestamp":"2026-03-04T03:46:52.404Z","status":"success"}
[2026-03-04 03:46:53] ERROR: {"method":"GET","url":"/hosts/by-date?anchor_date=2026-03-04T10%3A46%3A53.009280&direction=down&limit=10","role":"USER","userId":3,"customHeader":"vi_VN","message":"Bad Request Exception","errorResponse":{"statusCode":400,"message":[{"field":"direction","message":"Giá trị không hợp lệ"}],"error":"BadRequestException"},"statusCode":400,"duration":"2ms","timestamp":"2026-03-04T03:46:53.196Z"}
[2026-03-04 04:00:31] INFO: {"method":"GET","url":"/user-profiles/info/3","role":"USER","userId":3,"userName":"vantu","customHeader":"vi_VN","statusCode":200,"duration":"193ms","timestamp":"2026-03-04T04:00:31.274Z","status":"success"}
[2026-03-04 04:00:31] INFO: {"method":"GET","url":"/user-profiles/info/3","role":"USER","userId":3,"userName":"vantu","customHeader":"vi_VN","statusCode":200,"duration":"49ms","timestamp":"2026-03-04T04:00:31.651Z","status":"success"}
[2026-03-04 04:00:31] INFO: {"method":"GET","url":"/user-profiles/recent-matches/3","role":"USER","userId":3,"userName":"vantu","customHeader":"vi_VN","statusCode":200,"duration":"85ms","timestamp":"2026-03-04T04:00:31.995Z","status":"success"}
[2026-03-04 04:00:32] ERROR: {"method":"GET","url":"/hosts/by-date?anchor_date=2026-03-04T11%3A00%3A32&direction=down&limit=10","role":"USER","userId":3,"customHeader":"vi_VN","message":"Bad Request Exception","errorResponse":{"statusCode":400,"message":[{"field":"direction","message":"Giá trị không hợp lệ"}],"error":"BadRequestException"},"statusCode":400,"duration":"1ms","timestamp":"2026-03-04T04:00:32.474Z"}
[2026-03-04 04:07:54] ERROR: {"method":"GET","url":"/hosts/by-date?anchor_date=2026-03-04T11%3A07%3A54&direction=down&limit=10","role":"USER","userId":3,"customHeader":"vi_VN","message":"Bad Request Exception","errorResponse":{"statusCode":400,"message":[{"field":"direction","message":"Giá trị không hợp lệ"}],"error":"BadRequestException"},"statusCode":400,"duration":"1ms","timestamp":"2026-03-04T04:07:54.771Z"}
[2026-03-04 04:09:45] ERROR: {"method":"GET","url":"/hosts/by-date?anchor_date=2026-03-04T04%3A09%3A45Z&direction=down&limit=10","role":"USER","userId":3,"customHeader":"vi_VN","message":"Bad Request Exception","errorResponse":{"statusCode":400,"message":[{"field":"direction","message":"Giá trị không hợp lệ"}],"error":"BadRequestException"},"statusCode":400,"duration":"1ms","timestamp":"2026-03-04T04:09:45.519Z"}
[2026-03-04 04:12:06] ERROR: {"method":"GET","url":"/hosts/by-date?direction=down&limit=10","role":"USER","userId":3,"customHeader":"vi_VN","message":"Bad Request Exception","errorResponse":{"statusCode":400,"message":[{"field":"direction","message":"Giá trị không hợp lệ"}],"error":"BadRequestException"},"statusCode":400,"duration":"2ms","timestamp":"2026-03-04T04:12:06.819Z"}
[2026-03-04 04:12:29] INFO: {"method":"POST","url":"/users/auth/login","role":"Anonymous","userId":3,"userName":"vantu","customHeader":"vi_VN","statusCode":201,"duration":"193ms","timestamp":"2026-03-04T04:12:29.068Z","status":"create_success","createdId":3}
[2026-03-04 04:12:38] ERROR: {"method":"GET","url":"/hosts/by-date?anchor_date=2026-03-03&direction=down&limit=10","role":"USER","userId":3,"customHeader":"vi_VN","message":"Bad Request Exception","errorResponse":{"statusCode":400,"message":[{"field":"direction","message":"Giá trị không hợp lệ"}],"error":"BadRequestException"},"statusCode":400,"duration":"2ms","timestamp":"2026-03-04T04:12:38.532Z"}
[2026-03-04 04:12:44] INFO: {"method":"GET","url":"/hosts/by-date?anchor_date=2026-03-03&direction=UP&limit=10","role":"USER","userId":3,"userName":"vantu","customHeader":"vi_VN","statusCode":200,"duration":"56ms","timestamp":"2026-03-04T04:12:44.113Z","status":"success"}
[2026-03-04 04:12:48] INFO: {"method":"GET","url":"/hosts/by-date?direction=UP&limit=10","role":"USER","userId":3,"userName":"vantu","customHeader":"vi_VN","statusCode":200,"duration":"26ms","timestamp":"2026-03-04T04:12:48.554Z","status":"success"}
[2026-03-04 04:14:17] INFO: {"method":"GET","url":"/hosts/by-date?direction=DOWN&limit=10","role":"USER","userId":3,"userName":"vantu","customHeader":"vi_VN","statusCode":200,"duration":"52ms","timestamp":"2026-03-04T04:14:17.297Z","status":"success"}
[2026-03-04 04:14:17] INFO: {"method":"GET","url":"/hosts/by-date?direction=UP&limit=10","role":"USER","userId":3,"userName":"vantu","customHeader":"vi_VN","statusCode":200,"duration":"61ms","timestamp":"2026-03-04T04:14:17.521Z","status":"success"}
[2026-03-04 04:14:33] INFO: {"method":"GET","url":"/community-posts/feed?entry=10&direction=next","role":"USER","userId":3,"userName":"vantu","customHeader":"vi_VN","statusCode":200,"duration":"184ms","timestamp":"2026-03-04T04:14:33.790Z","status":"success"}
[2026-03-04 04:14:33] INFO: {"method":"GET","url":"/navbar?page=1&entry=100&sort=ASC&field=id","role":"Anonymous","userId":"Anonymous","userName":"Anonymous","customHeader":"vi_VN","statusCode":200,"duration":"4ms","timestamp":"2026-03-04T04:14:33.838Z","status":"success"}
[2026-03-04 04:14:34] INFO: {"method":"GET","url":"/community-posts/555","role":"USER","userId":3,"userName":"vantu","customHeader":"vi_VN","statusCode":200,"duration":"15ms","timestamp":"2026-03-04T04:14:34.605Z","status":"success"}
[2026-03-04 04:14:34] INFO: {"method":"GET","url":"/users/3","role":"USER","userId":3,"userName":"vantu","customHeader":"vi_VN","statusCode":200,"duration":"6ms","timestamp":"2026-03-04T04:14:34.711Z","status":"success"}
[2026-03-04 04:14:38] INFO: {"method":"GET","url":"/tournaments?page=1&entry=10&sort=DESC&field=id","role":"Anonymous","userId":"Anonymous","userName":"Anonymous","customHeader":"vi_VN","statusCode":200,"duration":"204ms","timestamp":"2026-03-04T04:14:38.258Z","status":"success"}
[2026-03-04 04:14:39] INFO: {"method":"GET","url":"/hosts/by-date?direction=DOWN&limit=10","role":"USER","userId":3,"userName":"vantu","customHeader":"vi_VN","statusCode":200,"duration":"23ms","timestamp":"2026-03-04T04:14:39.551Z","status":"success"}
[2026-03-04 04:14:39] INFO: {"method":"GET","url":"/hosts/by-date?direction=UP&limit=10","role":"USER","userId":3,"userName":"vantu","customHeader":"vi_VN","statusCode":200,"duration":"21ms","timestamp":"2026-03-04T04:14:39.858Z","status":"success"}
[2026-03-04 04:17:57] INFO: {"method":"GET","url":"/user-profiles/info/3","role":"USER","userId":3,"userName":"vantu","customHeader":"vi_VN","statusCode":200,"duration":"194ms","timestamp":"2026-03-04T04:17:57.733Z","status":"success"}
[2026-03-04 04:17:58] INFO: {"method":"GET","url":"/user-profiles/info/3","role":"USER","userId":3,"userName":"vantu","customHeader":"vi_VN","statusCode":200,"duration":"72ms","timestamp":"2026-03-04T04:17:58.529Z","status":"success"}
[2026-03-04 04:17:58] INFO: {"method":"GET","url":"/user-profiles/recent-matches/3","role":"USER","userId":3,"userName":"vantu","customHeader":"vi_VN","statusCode":200,"duration":"88ms","timestamp":"2026-03-04T04:17:58.816Z","status":"success"}
[2026-03-04 04:17:59] INFO: {"method":"GET","url":"/hosts/by-date?direction=DOWN&limit=10","role":"USER","userId":3,"userName":"vantu","customHeader":"vi_VN","statusCode":200,"duration":"18ms","timestamp":"2026-03-04T04:17:59.469Z","status":"success"}
[2026-03-04 04:17:59] INFO: {"method":"GET","url":"/hosts/by-date?direction=UP&limit=10","role":"USER","userId":3,"userName":"vantu","customHeader":"vi_VN","statusCode":200,"duration":"19ms","timestamp":"2026-03-04T04:17:59.681Z","status":"success"}
[2026-03-04 04:18:03] INFO: {"method":"GET","url":"/hosts/by-date?direction=UP&limit=10","role":"USER","userId":3,"userName":"vantu","customHeader":"vi_VN","statusCode":200,"duration":"21ms","timestamp":"2026-03-04T04:18:03.818Z","status":"success"}
[2026-03-04 04:18:44] INFO: {"method":"GET","url":"/hosts/by-date?direction=UP&limit=10","role":"USER","userId":3,"userName":"vantu","customHeader":"vi_VN","statusCode":200,"duration":"31ms","timestamp":"2026-03-04T04:18:44.719Z","status":"success"}
[2026-03-04 04:21:18] INFO: {"method":"GET","url":"/hosts/by-date?direction=DOWN&limit=10","role":"USER","userId":3,"userName":"vantu","customHeader":"vi_VN","statusCode":200,"duration":"42ms","timestamp":"2026-03-04T04:21:18.815Z","status":"success"}
[2026-03-04 04:21:19] INFO: {"method":"GET","url":"/hosts/by-date?direction=UP&limit=10","role":"USER","userId":3,"userName":"vantu","customHeader":"vi_VN","statusCode":200,"duration":"16ms","timestamp":"2026-03-04T04:21:19.198Z","status":"success"}
[2026-03-04 04:21:22] INFO: {"method":"GET","url":"/hosts/by-date?anchor_date=2026-03-02T07%3A28%3A11Z&direction=UP&limit=10","role":"USER","userId":3,"userName":"vantu","customHeader":"vi_VN","statusCode":200,"duration":"15ms","timestamp":"2026-03-04T04:21:22.480Z","status":"success"}
[2026-03-04 04:21:23] INFO: {"method":"GET","url":"/navbar?page=1&entry=100&sort=ASC&field=id","role":"Anonymous","userId":"Anonymous","userName":"Anonymous","customHeader":"vi_VN","statusCode":200,"duration":"6ms","timestamp":"2026-03-04T04:21:23.342Z","status":"success"}
[2026-03-04 04:21:23] INFO: {"method":"GET","url":"/tournaments?page=1&entry=10&sort=DESC&field=id","role":"Anonymous","userId":"Anonymous","userName":"Anonymous","customHeader":"vi_VN","statusCode":200,"duration":"215ms","timestamp":"2026-03-04T04:21:23.686Z","status":"success"}
[2026-03-04 04:21:24] INFO: {"method":"GET","url":"/navbar?page=1&entry=100&sort=ASC&field=id","role":"Anonymous","userId":"Anonymous","userName":"Anonymous","customHeader":"vi_VN","statusCode":200,"duration":"4ms","timestamp":"2026-03-04T04:21:24.627Z","status":"success"}
[2026-03-04 04:21:24] INFO: {"method":"GET","url":"/tournaments?page=1&entry=10&sort=DESC&field=id","role":"Anonymous","userId":"Anonymous","userName":"Anonymous","customHeader":"vi_VN","statusCode":200,"duration":"193ms","timestamp":"2026-03-04T04:21:24.893Z","status":"success"}
[2026-03-04 04:21:25] INFO: {"method":"GET","url":"/navbar?page=1&entry=100&sort=ASC&field=id","role":"Anonymous","userId":"Anonymous","userName":"Anonymous","customHeader":"vi_VN","statusCode":200,"duration":"5ms","timestamp":"2026-03-04T04:21:25.847Z","status":"success"}
[2026-03-04 04:21:26] INFO: {"method":"GET","url":"/tournaments?page=1&entry=10&sort=DESC&field=id","role":"Anonymous","userId":"Anonymous","userName":"Anonymous","customHeader":"vi_VN","statusCode":200,"duration":"170ms","timestamp":"2026-03-04T04:21:26.137Z","status":"success"}
[2026-03-04 04:21:38] INFO: {"method":"GET","url":"/navbar?page=1&entry=100&sort=ASC&field=id","role":"Anonymous","userId":"Anonymous","userName":"Anonymous","customHeader":"vi_VN","statusCode":200,"duration":"27ms","timestamp":"2026-03-04T04:21:38.761Z","status":"success"}
[2026-03-04 04:21:38] INFO: {"method":"GET","url":"/tournaments?page=1&entry=10&sort=DESC&field=id","role":"Anonymous","userId":"Anonymous","userName":"Anonymous","customHeader":"vi_VN","statusCode":200,"duration":"203ms","timestamp":"2026-03-04T04:21:38.960Z","status":"success"}
[2026-03-04 04:21:40] INFO: {"method":"GET","url":"/navbar?page=1&entry=100&sort=ASC&field=id","role":"Anonymous","userId":"Anonymous","userName":"Anonymous","customHeader":"vi_VN","statusCode":200,"duration":"5ms","timestamp":"2026-03-04T04:21:40.069Z","status":"success"}
[2026-03-04 04:21:40] INFO: {"method":"GET","url":"/tournaments?page=1&entry=10&sort=DESC&field=id","role":"Anonymous","userId":"Anonymous","userName":"Anonymous","customHeader":"vi_VN","statusCode":200,"duration":"167ms","timestamp":"2026-03-04T04:21:40.382Z","status":"success"}
[2026-03-04 04:21:56] INFO: {"method":"GET","url":"/hosts/by-date?direction=DOWN&limit=10","role":"USER","userId":3,"userName":"vantu","customHeader":"vi_VN","statusCode":200,"duration":"46ms","timestamp":"2026-03-04T04:21:56.460Z","status":"success"}
[2026-03-04 04:21:56] INFO: {"method":"GET","url":"/hosts/by-date?direction=UP&limit=10","role":"USER","userId":3,"userName":"vantu","customHeader":"vi_VN","statusCode":200,"duration":"21ms","timestamp":"2026-03-04T04:21:56.708Z","status":"success"}
[2026-03-04 04:22:02] INFO: {"method":"GET","url":"/hosts/by-date?anchor_date=2026-03-10T08%3A00%3A00Z&direction=DOWN&limit=10","role":"USER","userId":3,"userName":"vantu","customHeader":"vi_VN","statusCode":200,"duration":"28ms","timestamp":"2026-03-04T04:22:02.770Z","status":"success"}
[2026-03-04 04:22:03] INFO: {"method":"GET","url":"/hosts/by-date?anchor_date=2026-03-15T09%3A00%3A00Z&direction=DOWN&limit=10","role":"USER","userId":3,"userName":"vantu","customHeader":"vi_VN","statusCode":200,"duration":"20ms","timestamp":"2026-03-04T04:22:03.383Z","status":"success"}
[2026-03-04 04:22:09] INFO: {"method":"GET","url":"/hosts/by-date?anchor_date=2026-03-02T07%3A28%3A11Z&direction=UP&limit=10","role":"USER","userId":3,"userName":"vantu","customHeader":"vi_VN","statusCode":200,"duration":"19ms","timestamp":"2026-03-04T04:22:09.193Z","status":"success"}
[2026-03-04 04:22:09] INFO: {"method":"GET","url":"/navbar?page=1&entry=100&sort=ASC&field=id","role":"Anonymous","userId":"Anonymous","userName":"Anonymous","customHeader":"vi_VN","statusCode":200,"duration":"6ms","timestamp":"2026-03-04T04:22:09.595Z","status":"success"}
[2026-03-04 04:22:09] INFO: {"method":"GET","url":"/tournaments?page=1&entry=10&sort=DESC&field=id","role":"Anonymous","userId":"Anonymous","userName":"Anonymous","customHeader":"vi_VN","statusCode":200,"duration":"182ms","timestamp":"2026-03-04T04:22:09.811Z","status":"success"}
[2026-03-04 04:22:12] INFO: {"method":"GET","url":"/navbar?page=1&entry=100&sort=ASC&field=id","role":"Anonymous","userId":"Anonymous","userName":"Anonymous","customHeader":"vi_VN","statusCode":200,"duration":"5ms","timestamp":"2026-03-04T04:22:12.655Z","status":"success"}
[2026-03-04 04:22:12] INFO: {"method":"GET","url":"/tournaments?page=1&entry=10&sort=DESC&field=id","role":"Anonymous","userId":"Anonymous","userName":"Anonymous","customHeader":"vi_VN","statusCode":200,"duration":"170ms","timestamp":"2026-03-04T04:22:12.995Z","status":"success"}
[2026-03-04 04:35:07] ERROR: {"method":"GET","url":"/.well-known/assetlinks.json","role":"Anonymous","userId":"Anonymous","message":"Maximum call stack size exceeded","statusCode":500,"duration":"386ms","timestamp":"2026-03-04T04:35:07.811Z"}
[2026-03-04 07:15:00] ERROR: {"method":"GET","url":"/.well-known/assetlinks.json","role":"Anonymous","userId":"Anonymous","message":"Maximum call stack size exceeded","statusCode":500,"duration":"361ms","timestamp":"2026-03-04T07:15:00.435Z"}
[2026-03-04 07:15:04] ERROR: {"method":"GET","url":"/.well-known/assetlinks.json","role":"Anonymous","userId":"Anonymous","message":"Maximum call stack size exceeded","statusCode":500,"duration":"260ms","timestamp":"2026-03-04T07:15:04.393Z"}
[2026-03-04 07:35:36] INFO: 🚀 Host Match WebSocket Gateway initialized
[2026-03-04 07:35:36] INFO: 🚀 WebSocket Gateway initialized
[2026-03-04 07:35:36] INFO: 🚀 Tournament Match WebSocket Gateway initialized
[2026-03-04 07:58:07] INFO: 🚀 Host Match WebSocket Gateway initialized
[2026-03-04 07:58:07] INFO: 🚀 WebSocket Gateway initialized
[2026-03-04 07:58:07] INFO: 🚀 Tournament Match WebSocket Gateway initialized
[2026-03-04 08:25:41] ERROR: {"method":"GET","url":"/.well-known/assetlinks.json","role":"Anonymous","userId":"Anonymous","message":"Maximum call stack size exceeded","statusCode":500,"duration":"322ms","timestamp":"2026-03-04T08:25:41.212Z"}
[2026-03-04 08:25:52] INFO: {"method":"GET","url":"/navbar?page=1&entry=100&sort=ASC&field=id","role":"Anonymous","userId":"Anonymous","userName":"Anonymous","customHeader":"vi_VN","statusCode":200,"duration":"73ms","timestamp":"2026-03-04T08:25:52.913Z","status":"success"}
[2026-03-04 08:25:53] INFO: {"method":"GET","url":"/community-posts/feed?entry=10&direction=next","role":"USER","userId":216,"userName":"hoaittm2023","customHeader":"vi_VN","statusCode":200,"duration":"215ms","timestamp":"2026-03-04T08:25:53.035Z","status":"success"}
[2026-03-04 08:25:53] INFO: {"method":"GET","url":"/community-posts/531","role":"USER","userId":216,"userName":"hoaittm2023","customHeader":"vi_VN","statusCode":200,"duration":"11ms","timestamp":"2026-03-04T08:25:53.650Z","status":"success"}
[2026-03-04 08:25:53] INFO: {"method":"GET","url":"/users/216","role":"USER","userId":216,"userName":"hoaittm2023","customHeader":"vi_VN","statusCode":200,"duration":"7ms","timestamp":"2026-03-04T08:25:53.662Z","status":"success"}
[2026-03-04 08:26:41] ERROR: {"method":"GET","url":"/.well-known/assetlinks.json","role":"Anonymous","userId":"Anonymous","message":"Maximum call stack size exceeded","statusCode":500,"duration":"300ms","timestamp":"2026-03-04T08:26:41.096Z"}
[2026-03-04 08:26:52] INFO: {"method":"GET","url":"/navbar?page=1&entry=100&sort=ASC&field=id","role":"Anonymous","userId":"Anonymous","userName":"Anonymous","customHeader":"vi_VN","statusCode":200,"duration":"139ms","timestamp":"2026-03-04T08:26:52.840Z","status":"success"}
[2026-03-04 08:26:52] INFO: {"method":"GET","url":"/community-posts/feed?entry=10&direction=next","role":"USER","userId":216,"userName":"hoaittm2023","customHeader":"vi_VN","statusCode":200,"duration":"224ms","timestamp":"2026-03-04T08:26:52.864Z","status":"success"}
[2026-03-04 08:26:53] INFO: {"method":"GET","url":"/community-posts/502","role":"USER","userId":216,"userName":"hoaittm2023","customHeader":"vi_VN","statusCode":200,"duration":"12ms","timestamp":"2026-03-04T08:26:53.468Z","status":"success"}
[2026-03-04 08:26:53] INFO: {"method":"GET","url":"/users/216","role":"USER","userId":216,"userName":"hoaittm2023","customHeader":"vi_VN","statusCode":200,"duration":"10ms","timestamp":"2026-03-04T08:26:53.535Z","status":"success"}
[2026-03-04 08:28:07] INFO: {"method":"GET","url":"/tournaments?page=1&entry=10&sort=DESC&field=id","role":"Anonymous","userId":"Anonymous","userName":"Anonymous","customHeader":"vi_VN","statusCode":200,"duration":"278ms","timestamp":"2026-03-04T08:28:07.864Z","status":"success"}
[2026-03-04 08:28:08] INFO: {"method":"GET","url":"/hosts?page=1&entry=10","role":"USER","userId":216,"userName":"hoaittm2023","customHeader":"vi_VN","statusCode":200,"duration":"28ms","timestamp":"2026-03-04T08:28:08.940Z","status":"success"}
[2026-03-04 08:28:11] INFO: {"method":"GET","url":"/community-posts/feed?entry=10&direction=next","role":"USER","userId":216,"userName":"hoaittm2023","customHeader":"vi_VN","statusCode":200,"duration":"175ms","timestamp":"2026-03-04T08:28:11.532Z","status":"success"}
[2026-03-04 08:28:34] INFO: {"method":"GET","url":"/locations?page=1&entry=100&sort=ASC&field=name&name=sd","role":"Anonymous","userId":"Anonymous","userName":"Anonymous","customHeader":"vi_VN","statusCode":200,"duration":"120ms","timestamp":"2026-03-04T08:28:34.224Z","status":"success"}
[2026-03-04 08:28:34] INFO: {"method":"GET","url":"/locations?page=1&entry=100&sort=ASC&field=name&name=sdf","role":"Anonymous","userId":"Anonymous","userName":"Anonymous","customHeader":"vi_VN","statusCode":200,"duration":"40ms","timestamp":"2026-03-04T08:28:34.267Z","status":"success"}
[2026-03-04 08:28:34] INFO: {"method":"GET","url":"/locations?page=1&entry=100&sort=ASC&field=name&name=sdfsd","role":"Anonymous","userId":"Anonymous","userName":"Anonymous","customHeader":"vi_VN","statusCode":200,"duration":"26ms","timestamp":"2026-03-04T08:28:34.328Z","status":"success"}
[2026-03-04 08:28:34] INFO: {"method":"GET","url":"/locations?page=1&entry=100&sort=ASC&field=name&name=sdfs","role":"Anonymous","userId":"Anonymous","userName":"Anonymous","customHeader":"vi_VN","statusCode":200,"duration":"43ms","timestamp":"2026-03-04T08:28:34.444Z","status":"success"}
[2026-03-04 08:28:34] INFO: {"method":"GET","url":"/locations?page=1&entry=100&sort=ASC&field=name&name=sdfsdf","role":"Anonymous","userId":"Anonymous","userName":"Anonymous","customHeader":"vi_VN","statusCode":200,"duration":"30ms","timestamp":"2026-03-04T08:28:34.629Z","status":"success"}
[2026-03-04 08:28:34] INFO: {"method":"GET","url":"/locations?page=1&entry=100&sort=ASC&field=name&name=sdfsdfd","role":"Anonymous","userId":"Anonymous","userName":"Anonymous","customHeader":"vi_VN","statusCode":200,"duration":"23ms","timestamp":"2026-03-04T08:28:34.752Z","status":"success"}
[2026-03-04 08:28:34] INFO: {"method":"GET","url":"/locations?page=1&entry=100&sort=ASC&field=name&name=sdfsdfdsf","role":"Anonymous","userId":"Anonymous","userName":"Anonymous","customHeader":"vi_VN","statusCode":200,"duration":"18ms","timestamp":"2026-03-04T08:28:34.774Z","status":"success"}
[2026-03-04 08:28:34] INFO: {"method":"GET","url":"/locations?page=1&entry=100&sort=ASC&field=name&name=sdfsdfds","role":"Anonymous","userId":"Anonymous","userName":"Anonymous","customHeader":"vi_VN","statusCode":200,"duration":"52ms","timestamp":"2026-03-04T08:28:34.788Z","status":"success"}
[2026-03-04 08:28:34] INFO: {"method":"GET","url":"/locations?page=1&entry=100&sort=ASC&field=name&name=sdfsdfdsfd","role":"Anonymous","userId":"Anonymous","userName":"Anonymous","customHeader":"vi_VN","statusCode":200,"duration":"15ms","timestamp":"2026-03-04T08:28:34.820Z","status":"success"}
[2026-03-04 08:28:34] INFO: {"method":"GET","url":"/locations?page=1&entry=100&sort=ASC&field=name&name=sdfsdfdsfds","role":"Anonymous","userId":"Anonymous","userName":"Anonymous","customHeader":"vi_VN","statusCode":200,"duration":"17ms","timestamp":"2026-03-04T08:28:34.944Z","status":"success"}
[2026-03-04 08:28:34] INFO: {"method":"GET","url":"/locations?page=1&entry=100&sort=ASC&field=name&name=sdfsdfdsfdsf","role":"Anonymous","userId":"Anonymous","userName":"Anonymous","customHeader":"vi_VN","statusCode":200,"duration":"21ms","timestamp":"2026-03-04T08:28:34.968Z","status":"success"}
[2026-03-04 08:28:34] INFO: {"method":"GET","url":"/locations?page=1&entry=100&sort=ASC&field=name&name=sdfsdfdsfdsfd","role":"Anonymous","userId":"Anonymous","userName":"Anonymous","customHeader":"vi_VN","statusCode":200,"duration":"13ms","timestamp":"2026-03-04T08:28:34.985Z","status":"success"}
[2026-03-04 08:28:34] INFO: {"method":"GET","url":"/locations?page=1&entry=100&sort=ASC&field=name&name=sdfsdfdsfdsfds","role":"Anonymous","userId":"Anonymous","userName":"Anonymous","customHeader":"vi_VN","statusCode":200,"duration":"11ms","timestamp":"2026-03-04T08:28:34.987Z","status":"success"}
[2026-03-04 08:28:53] INFO: {"method":"POST","url":"/locations","role":"Anonymous","userId":"Anonymous","userName":"Anonymous","customHeader":"vi_VN","statusCode":201,"duration":"38ms","timestamp":"2026-03-04T08:28:53.709Z","status":"create_success","createdId":243}
[2026-03-04 08:28:53] ERROR: {"method":"POST","url":"/hosts","role":"USER","userId":216,"customHeader":"vi_VN","message":"Bad Request Exception","errorResponse":{"statusCode":400,"message":[{"field":"totalCourt","message":"Phải là số dương, Không được để trống"}],"error":"BadRequestException"},"statusCode":400,"duration":"41ms","timestamp":"2026-03-04T08:28:53.831Z"}
[2026-03-04 08:28:55] INFO: {"method":"POST","url":"/locations","role":"Anonymous","userId":"Anonymous","userName":"Anonymous","customHeader":"vi_VN","statusCode":201,"duration":"16ms","timestamp":"2026-03-04T08:28:55.831Z","status":"create_success","createdId":244}
[2026-03-04 08:28:55] ERROR: {"method":"POST","url":"/hosts","role":"USER","userId":216,"customHeader":"vi_VN","message":"Bad Request Exception","errorResponse":{"statusCode":400,"message":[{"field":"totalCourt","message":"Phải là số dương, Không được để trống"}],"error":"BadRequestException"},"statusCode":400,"duration":"10ms","timestamp":"2026-03-04T08:28:55.909Z"}
[2026-03-04 08:28:57] INFO: {"method":"POST","url":"/locations","role":"Anonymous","userId":"Anonymous","userName":"Anonymous","customHeader":"vi_VN","statusCode":201,"duration":"16ms","timestamp":"2026-03-04T08:28:57.622Z","status":"create_success","createdId":245}
[2026-03-04 08:28:57] ERROR: {"method":"POST","url":"/hosts","role":"USER","userId":216,"customHeader":"vi_VN","message":"Bad Request Exception","errorResponse":{"statusCode":400,"message":[{"field":"totalCourt","message":"Phải là số dương, Không được để trống"}],"error":"BadRequestException"},"statusCode":400,"duration":"10ms","timestamp":"2026-03-04T08:28:57.686Z"}
[2026-03-04 08:39:48] ERROR: {"method":"GET","url":"/.well-known/assetlinks.json","role":"Anonymous","userId":"Anonymous","message":"Maximum call stack size exceeded","statusCode":500,"duration":"337ms","timestamp":"2026-03-04T08:39:48.093Z"}
[2026-03-04 08:40:36] INFO: {"method":"GET","url":"/community-posts/feed?entry=10&direction=next","role":"USER","userId":216,"userName":"hoaittm2023","customHeader":"vi_VN","statusCode":200,"duration":"254ms","timestamp":"2026-03-04T08:40:36.617Z","status":"success"}
[2026-03-04 08:40:38] INFO: {"method":"GET","url":"/navbar?page=1&entry=100&sort=ASC&field=id","role":"Anonymous","userId":"Anonymous","userName":"Anonymous","customHeader":"vi_VN","statusCode":200,"duration":"6ms","timestamp":"2026-03-04T08:40:38.250Z","status":"success"}
[2026-03-04 08:40:39] INFO: {"method":"GET","url":"/community-posts/478","role":"USER","userId":216,"userName":"hoaittm2023","customHeader":"vi_VN","statusCode":200,"duration":"15ms","timestamp":"2026-03-04T08:40:39.060Z","status":"success"}
[2026-03-04 08:40:39] INFO: {"method":"GET","url":"/users/216","role":"USER","userId":216,"userName":"hoaittm2023","customHeader":"vi_VN","statusCode":200,"duration":"7ms","timestamp":"2026-03-04T08:40:39.101Z","status":"success"}
[2026-03-04 08:43:16] INFO: {"method":"GET","url":"/tournaments?page=1&entry=10&sort=DESC&field=id","role":"Anonymous","userId":"Anonymous","userName":"Anonymous","customHeader":"vi_VN","statusCode":200,"duration":"206ms","timestamp":"2026-03-04T08:43:16.114Z","status":"success"}
[2026-03-04 08:43:17] INFO: {"method":"GET","url":"/hosts?page=1&entry=10","role":"USER","userId":216,"userName":"hoaittm2023","customHeader":"vi_VN","statusCode":200,"duration":"25ms","timestamp":"2026-03-04T08:43:17.525Z","status":"success"}
[2026-03-04 08:43:47] INFO: {"method":"GET","url":"/locations?page=1&entry=100&sort=ASC&field=name&name=fs","role":"Anonymous","userId":"Anonymous","userName":"Anonymous","customHeader":"vi_VN","statusCode":200,"duration":"78ms","timestamp":"2026-03-04T08:43:47.377Z","status":"success"}
[2026-03-04 08:43:47] INFO: {"method":"GET","url":"/locations?page=1&entry=100&sort=ASC&field=name&name=fsdf","role":"Anonymous","userId":"Anonymous","userName":"Anonymous","customHeader":"vi_VN","statusCode":200,"duration":"40ms","timestamp":"2026-03-04T08:43:47.430Z","status":"success"}
[2026-03-04 08:43:47] INFO: {"method":"GET","url":"/locations?page=1&entry=100&sort=ASC&field=name&name=fsdfd","role":"Anonymous","userId":"Anonymous","userName":"Anonymous","customHeader":"vi_VN","statusCode":200,"duration":"23ms","timestamp":"2026-03-04T08:43:47.459Z","status":"success"}
[2026-03-04 08:43:47] INFO: {"method":"GET","url":"/locations?page=1&entry=100&sort=ASC&field=name&name=fsd","role":"Anonymous","userId":"Anonymous","userName":"Anonymous","customHeader":"vi_VN","statusCode":200,"duration":"85ms","timestamp":"2026-03-04T08:43:47.480Z","status":"success"}
[2026-03-04 08:43:47] INFO: {"method":"GET","url":"/locations?page=1&entry=100&sort=ASC&field=name&name=fsdfds","role":"Anonymous","userId":"Anonymous","userName":"Anonymous","customHeader":"vi_VN","statusCode":200,"duration":"30ms","timestamp":"2026-03-04T08:43:47.612Z","status":"success"}
[2026-03-04 08:43:47] INFO: {"method":"GET","url":"/locations?page=1&entry=100&sort=ASC&field=name&name=fsdfdsf","role":"Anonymous","userId":"Anonymous","userName":"Anonymous","customHeader":"vi_VN","statusCode":200,"duration":"25ms","timestamp":"2026-03-04T08:43:47.767Z","status":"success"}
[2026-03-04 08:43:48] INFO: {"method":"GET","url":"/locations?page=1&entry=100&sort=ASC&field=name&name=fsdfdsfs","role":"Anonymous","userId":"Anonymous","userName":"Anonymous","customHeader":"vi_VN","statusCode":200,"duration":"25ms","timestamp":"2026-03-04T08:43:48.093Z","status":"success"}
[2026-03-04 08:43:48] INFO: {"method":"GET","url":"/locations?page=1&entry=100&sort=ASC&field=name&name=fsdfdsfsd","role":"Anonymous","userId":"Anonymous","userName":"Anonymous","customHeader":"vi_VN","statusCode":200,"duration":"19ms","timestamp":"2026-03-04T08:43:48.096Z","status":"success"}
[2026-03-04 08:43:48] INFO: {"method":"GET","url":"/locations?page=1&entry=100&sort=ASC&field=name&name=fsdfdsfsdf","role":"Anonymous","userId":"Anonymous","userName":"Anonymous","customHeader":"vi_VN","statusCode":200,"duration":"41ms","timestamp":"2026-03-04T08:43:48.125Z","status":"success"}
[2026-03-04 08:43:48] INFO: {"method":"GET","url":"/locations?page=1&entry=100&sort=ASC&field=name&name=fsdfdsfsdfs","role":"Anonymous","userId":"Anonymous","userName":"Anonymous","customHeader":"vi_VN","statusCode":200,"duration":"15ms","timestamp":"2026-03-04T08:43:48.135Z","status":"success"}
[2026-03-04 08:43:48] INFO: {"method":"GET","url":"/locations?page=1&entry=100&sort=ASC&field=name&name=fsdfdsfsdfsd","role":"Anonymous","userId":"Anonymous","userName":"Anonymous","customHeader":"vi_VN","statusCode":200,"duration":"13ms","timestamp":"2026-03-04T08:43:48.142Z","status":"success"}
[2026-03-04 08:43:48] INFO: {"method":"GET","url":"/locations?page=1&entry=100&sort=ASC&field=name&name=fsdfdsfsdfsdf","role":"Anonymous","userId":"Anonymous","userName":"Anonymous","customHeader":"vi_VN","statusCode":200,"duration":"9ms","timestamp":"2026-03-04T08:43:48.147Z","status":"success"}
[2026-03-04 08:44:08] INFO: {"method":"POST","url":"/locations","role":"Anonymous","userId":"Anonymous","userName":"Anonymous","customHeader":"vi_VN","statusCode":201,"duration":"51ms","timestamp":"2026-03-04T08:44:08.815Z","status":"create_success","createdId":246}
[2026-03-04 08:44:08] ERROR: {"method":"POST","url":"/hosts","role":"USER","userId":216,"customHeader":"vi_VN","message":"Bad Request Exception","errorResponse":{"statusCode":400,"message":[{"field":"totalCourt","message":"Phải là số dương, Không được để trống"}],"error":"BadRequestException"},"statusCode":400,"duration":"25ms","timestamp":"2026-03-04T08:44:08.949Z"}
[2026-03-04 08:45:32] INFO: {"method":"POST","url":"/locations","role":"Anonymous","userId":"Anonymous","userName":"Anonymous","customHeader":"vi_VN","statusCode":201,"duration":"30ms","timestamp":"2026-03-04T08:45:32.639Z","status":"create_success","createdId":247}
[2026-03-04 08:45:32] ERROR: {"method":"POST","url":"/hosts","role":"USER","userId":216,"customHeader":"vi_VN","message":"Bad Request Exception","errorResponse":{"statusCode":400,"message":[{"field":"totalCourt","message":"Phải là số dương, Không được để trống"}],"error":"BadRequestException"},"statusCode":400,"duration":"7ms","timestamp":"2026-03-04T08:45:32.729Z"}
[2026-03-04 08:45:54] INFO: {"method":"POST","url":"/locations","role":"Anonymous","userId":"Anonymous","userName":"Anonymous","customHeader":"vi_VN","statusCode":201,"duration":"24ms","timestamp":"2026-03-04T08:45:54.433Z","status":"create_success","createdId":248}
[2026-03-04 08:45:54] ERROR: {"method":"POST","url":"/hosts","role":"USER","userId":216,"customHeader":"vi_VN","message":"Bad Request Exception","errorResponse":{"statusCode":400,"message":[{"field":"totalCourt","message":"Phải là số dương, Không được để trống"}],"error":"BadRequestException"},"statusCode":400,"duration":"9ms","timestamp":"2026-03-04T08:45:54.541Z"}
[2026-03-04 08:55:30] INFO: {"method":"POST","url":"/locations","role":"Anonymous","userId":"Anonymous","userName":"Anonymous","customHeader":"vi_VN","statusCode":201,"duration":"45ms","timestamp":"2026-03-04T08:55:30.518Z","status":"create_success","createdId":249}
[2026-03-04 08:55:30] INFO: {"method":"POST","url":"/locations","role":"Anonymous","userId":"Anonymous","userName":"Anonymous","customHeader":"vi_VN","statusCode":201,"duration":"39ms","timestamp":"2026-03-04T08:55:30.521Z","status":"create_success","createdId":250}
[2026-03-04 08:55:36] ERROR: {"method":"POST","url":"/hosts","role":"USER","userId":216,"customHeader":"vi_VN","message":"Bad Request Exception","errorResponse":{"statusCode":400,"message":[{"field":"totalCourt","message":"Phải là số dương, Không được để trống"}],"error":"BadRequestException"},"statusCode":400,"duration":"9ms","timestamp":"2026-03-04T08:55:36.660Z"}
[2026-03-04 08:55:36] ERROR: {"method":"POST","url":"/hosts","role":"USER","userId":216,"customHeader":"vi_VN","message":"Bad Request Exception","errorResponse":{"statusCode":400,"message":[{"field":"totalCourt","message":"Phải là số dương, Không được để trống"}],"error":"BadRequestException"},"statusCode":400,"duration":"7ms","timestamp":"2026-03-04T08:55:36.877Z"}
[2026-03-04 09:21:22] INFO: {"method":"GET","url":"/onboardings?page=1&entry=10","role":"Anonymous","userId":"Anonymous","userName":"Anonymous","customHeader":"vi_VN","statusCode":200,"duration":"7ms","timestamp":"2026-03-04T09:21:22.968Z","status":"success"}
[2026-03-04 09:22:00] INFO: {"method":"POST","url":"/users/auth/login","role":"Anonymous","userId":3,"userName":"vantu","customHeader":"vi_VN","statusCode":201,"duration":"193ms","timestamp":"2026-03-04T09:22:00.991Z","status":"create_success","createdId":3}
[2026-03-04 09:22:01] ERROR: {"method":"POST","url":"/user-devices","role":"USER","userId":3,"customHeader":"vi_VN","message":"Bad Request Exception","errorResponse":{"statusCode":400,"message":[{"field":"tokenDevice","message":"Không được để trống"}],"error":"BadRequestException"},"statusCode":400,"duration":"3ms","timestamp":"2026-03-04T09:22:01.777Z"}
[2026-03-04 09:22:05] INFO: {"method":"GET","url":"/navbar?page=1&entry=100&sort=ASC&field=id","role":"Anonymous","userId":"Anonymous","userName":"Anonymous","customHeader":"vi_VN","statusCode":200,"duration":"125ms","timestamp":"2026-03-04T09:22:05.975Z","status":"success"}
[2026-03-04 09:22:05] INFO: {"method":"GET","url":"/community-posts/feed?entry=10&direction=next","role":"USER","userId":3,"userName":"vantu","customHeader":"vi_VN","statusCode":200,"duration":"177ms","timestamp":"2026-03-04T09:22:05.995Z","status":"success"}
[2026-03-04 09:22:07] INFO: {"method":"GET","url":"/community-posts/518","role":"USER","userId":3,"userName":"vantu","customHeader":"vi_VN","statusCode":200,"duration":"12ms","timestamp":"2026-03-04T09:22:07.168Z","status":"success"}
[2026-03-04 09:22:07] INFO: {"method":"GET","url":"/users/3","role":"USER","userId":3,"userName":"vantu","customHeader":"vi_VN","statusCode":200,"duration":"6ms","timestamp":"2026-03-04T09:22:07.324Z","status":"success"}
[2026-03-04 09:23:06] INFO: {"method":"GET","url":"/locations?page=1&entry=100&sort=ASC&field=name&name=da","role":"Anonymous","userId":"Anonymous","userName":"Anonymous","customHeader":"vi_VN","statusCode":200,"duration":"70ms","timestamp":"2026-03-04T09:23:06.829Z","status":"success"}
[2026-03-04 09:23:07] INFO: {"method":"GET","url":"/locations?page=1&entry=100&sort=ASC&field=name&name=das","role":"Anonymous","userId":"Anonymous","userName":"Anonymous","customHeader":"vi_VN","statusCode":200,"duration":"56ms","timestamp":"2026-03-04T09:23:07.157Z","status":"success"}
[2026-03-04 09:23:07] INFO: {"method":"GET","url":"/locations?page=1&entry=100&sort=ASC&field=name&name=dasda","role":"Anonymous","userId":"Anonymous","userName":"Anonymous","customHeader":"vi_VN","statusCode":200,"duration":"40ms","timestamp":"2026-03-04T09:23:07.211Z","status":"success"}
[2026-03-04 09:23:07] INFO: {"method":"GET","url":"/locations?page=1&entry=100&sort=ASC&field=name&name=dasdas","role":"Anonymous","userId":"Anonymous","userName":"Anonymous","customHeader":"vi_VN","statusCode":200,"duration":"25ms","timestamp":"2026-03-04T09:23:07.241Z","status":"success"}
[2026-03-04 09:23:07] INFO: {"method":"GET","url":"/locations?page=1&entry=100&sort=ASC&field=name&name=dasd","role":"Anonymous","userId":"Anonymous","userName":"Anonymous","customHeader":"vi_VN","statusCode":200,"duration":"79ms","timestamp":"2026-03-04T09:23:07.258Z","status":"success"}
[2026-03-04 09:23:07] INFO: {"method":"GET","url":"/locations?page=1&entry=100&sort=ASC&field=name&name=dasdasd","role":"Anonymous","userId":"Anonymous","userName":"Anonymous","customHeader":"vi_VN","statusCode":200,"duration":"29ms","timestamp":"2026-03-04T09:23:07.360Z","status":"success"}
[2026-03-04 09:23:21] ERROR: {"method":"POST","url":"/hosts","role":"USER","userId":3,"customHeader":"vi_VN","message":"Bad Request Exception","errorResponse":{"statusCode":400,"message":[{"field":"totalCourt","message":"Phải là số dương, Không được để trống"}],"error":"BadRequestException"},"statusCode":400,"duration":"12ms","timestamp":"2026-03-04T09:23:21.210Z"}
[2026-03-04 09:35:44] INFO: {"method":"GET","url":"/navbar?page=1&entry=100&sort=ASC&field=id","role":"Anonymous","userId":"Anonymous","userName":"Anonymous","customHeader":"vi_VN","statusCode":200,"duration":"4ms","timestamp":"2026-03-04T09:35:44.961Z","status":"success"}
[2026-03-04 09:35:45] INFO: {"method":"GET","url":"/community-posts/feed?entry=10&direction=next","role":"USER","userId":3,"userName":"vantu","customHeader":"vi_VN","statusCode":200,"duration":"192ms","timestamp":"2026-03-04T09:35:45.081Z","status":"success"}
[2026-03-04 09:35:46] INFO: {"method":"GET","url":"/community-posts/504","role":"USER","userId":3,"userName":"vantu","customHeader":"vi_VN","statusCode":200,"duration":"11ms","timestamp":"2026-03-04T09:35:46.247Z","status":"success"}
[2026-03-04 09:35:46] INFO: {"method":"GET","url":"/users/3","role":"USER","userId":3,"userName":"vantu","customHeader":"vi_VN","statusCode":200,"duration":"7ms","timestamp":"2026-03-04T09:35:46.598Z","status":"success"}
[2026-03-04 09:36:02] INFO: {"method":"GET","url":"/tournaments?page=1&entry=10&sort=DESC&field=id","role":"Anonymous","userId":"Anonymous","userName":"Anonymous","customHeader":"vi_VN","statusCode":200,"duration":"234ms","timestamp":"2026-03-04T09:36:02.368Z","status":"success"}
[2026-03-04 09:36:10] INFO: {"method":"GET","url":"/hosts/by-date?direction=DOWN&limit=10","role":"USER","userId":3,"userName":"vantu","customHeader":"vi_VN","statusCode":200,"duration":"36ms","timestamp":"2026-03-04T09:36:10.774Z","status":"success"}
[2026-03-04 09:36:11] INFO: {"method":"GET","url":"/hosts/by-date?direction=UP&limit=10","role":"USER","userId":3,"userName":"vantu","customHeader":"vi_VN","statusCode":200,"duration":"28ms","timestamp":"2026-03-04T09:36:11.189Z","status":"success"}
[2026-03-04 09:36:25] INFO: {"method":"GET","url":"/community-posts/feed?entry=10&direction=next","role":"USER","userId":3,"userName":"vantu","customHeader":"vi_VN","statusCode":200,"duration":"205ms","timestamp":"2026-03-04T09:36:25.015Z","status":"success"}
[2026-03-04 09:37:03] INFO: {"method":"GET","url":"/locations?page=1&entry=100&sort=ASC&field=name&name=da","role":"Anonymous","userId":"Anonymous","userName":"Anonymous","customHeader":"vi_VN","statusCode":200,"duration":"65ms","timestamp":"2026-03-04T09:37:03.570Z","status":"success"}
[2026-03-04 09:37:03] INFO: {"method":"GET","url":"/locations?page=1&entry=100&sort=ASC&field=name&name=das","role":"Anonymous","userId":"Anonymous","userName":"Anonymous","customHeader":"vi_VN","statusCode":200,"duration":"39ms","timestamp":"2026-03-04T09:37:03.653Z","status":"success"}
[2026-03-04 09:37:03] INFO: {"method":"GET","url":"/locations?page=1&entry=100&sort=ASC&field=name&name=dasd","role":"Anonymous","userId":"Anonymous","userName":"Anonymous","customHeader":"vi_VN","statusCode":200,"duration":"28ms","timestamp":"2026-03-04T09:37:03.686Z","status":"success"}
[2026-03-04 09:37:23] INFO: {"method":"POST","url":"/hosts","role":"USER","userId":3,"userName":"vantu","customHeader":"vi_VN","statusCode":201,"duration":"34ms","timestamp":"2026-03-04T09:37:23.700Z","status":"create_success","createdId":44}
[2026-03-04 09:37:24] INFO: {"method":"GET","url":"/community-posts/feed?entry=10&direction=next","role":"USER","userId":3,"userName":"vantu","customHeader":"vi_VN","statusCode":200,"duration":"160ms","timestamp":"2026-03-04T09:37:24.722Z","status":"success"}
[2026-03-04 16:15:04] INFO: {"method":"GET","url":"/","role":"Anonymous","userId":"Anonymous","userName":"Anonymous","statusCode":200,"duration":"9ms","timestamp":"2026-03-04T16:15:04.806Z","status":"success"}
[2026-03-04 21:30:28] INFO: {"method":"GET","url":"/","role":"Anonymous","userId":"Anonymous","userName":"Anonymous","statusCode":200,"duration":"3ms","timestamp":"2026-03-04T21:30:28.270Z","status":"success"}
[2026-03-04 23:41:39] ERROR: {"method":"GET","url":"/.well-known/assetlinks.json","role":"Anonymous","userId":"Anonymous","message":"Maximum call stack size exceeded","statusCode":500,"duration":"248ms","timestamp":"2026-03-04T23:41:39.199Z"}
[2026-03-04 23:56:48] ERROR: {"method":"GET","url":"/.well-known/assetlinks.json","role":"Anonymous","userId":"Anonymous","message":"Maximum call stack size exceeded","statusCode":500,"duration":"289ms","timestamp":"2026-03-04T23:56:48.744Z"}
[2026-03-04 23:56:55] ERROR: {"method":"GET","url":"/.well-known/assetlinks.json","role":"Anonymous","userId":"Anonymous","message":"Maximum call stack size exceeded","statusCode":500,"duration":"247ms","timestamp":"2026-03-04T23:56:55.801Z"}
