[2026-03-09 03:13:18] INFO: 🚀 Host Match WebSocket Gateway initialized
[2026-03-09 03:13:18] INFO: 🚀 WebSocket Gateway initialized
[2026-03-09 03:13:18] INFO: 🚀 Community WebSocket Gateway initialized
[2026-03-09 03:13:18] INFO: 🚀 Tournament Match WebSocket Gateway initialized
[2026-03-09 04:38:01] ERROR: {"method":"GET","url":"/.well-known/assetlinks.json","role":"Anonymous","userId":"Anonymous","message":"Maximum call stack size exceeded","statusCode":500,"duration":"319ms","timestamp":"2026-03-09T04:38:01.421Z"}
[2026-03-09 04:38:23] INFO: {"method":"GET","url":"/onboardings?page=1&entry=10","role":"Anonymous","userId":"Anonymous","userName":"Anonymous","customHeader":"vi_VN","statusCode":200,"duration":"9ms","timestamp":"2026-03-09T04:38:23.338Z","status":"success"}
[2026-03-09 04:38:42] INFO: {"method":"GET","url":"/community-posts/feed?entry=10&direction=next&type=suggested","role":"Anonymous","userId":"Anonymous","userName":"Anonymous","customHeader":"vi_VN","statusCode":200,"duration":"114ms","timestamp":"2026-03-09T04:38:42.404Z","status":"success"}
[2026-03-09 04:38:43] INFO: {"method":"GET","url":"/community-posts/video/475/playlist.m3u8","role":"Anonymous","userId":"Anonymous","userName":"Anonymous","statusCode":302,"duration":"16ms","timestamp":"2026-03-09T04:38:43.276Z","status":"success"}
[2026-03-09 04:38:43] INFO: {"method":"GET","url":"/community-posts/video/506/playlist.m3u8","role":"Anonymous","userId":"Anonymous","userName":"Anonymous","statusCode":302,"duration":"33ms","timestamp":"2026-03-09T04:38:43.301Z","status":"success"}
[2026-03-09 04:38:43] INFO: {"method":"GET","url":"/community-posts/506","role":"Anonymous","userId":"Anonymous","userName":"Anonymous","customHeader":"vi_VN","statusCode":200,"duration":"8ms","timestamp":"2026-03-09T04:38:43.330Z","status":"success"}
[2026-03-09 04:38:48] INFO: {"method":"GET","url":"/community-posts/475","role":"Anonymous","userId":"Anonymous","userName":"Anonymous","customHeader":"vi_VN","statusCode":200,"duration":"21ms","timestamp":"2026-03-09T04:38:48.245Z","status":"success"}
[2026-03-09 04:38:48] INFO: {"method":"GET","url":"/community-posts/video/508/playlist.m3u8","role":"Anonymous","userId":"Anonymous","userName":"Anonymous","statusCode":302,"duration":"18ms","timestamp":"2026-03-09T04:38:48.250Z","status":"success"}
[2026-03-09 04:38:50] INFO: {"method":"GET","url":"/tournaments?page=1&entry=10&sort=DESC&field=id","role":"Anonymous","userId":"Anonymous","userName":"Anonymous","customHeader":"vi_VN","statusCode":200,"duration":"237ms","timestamp":"2026-03-09T04:38:50.460Z","status":"success"}
[2026-03-09 04:38:55] INFO: {"method":"GET","url":"/community-posts/508","role":"Anonymous","userId":"Anonymous","userName":"Anonymous","customHeader":"vi_VN","statusCode":200,"duration":"15ms","timestamp":"2026-03-09T04:38:55.370Z","status":"success"}
[2026-03-09 04:38:55] INFO: {"method":"GET","url":"/community-posts/video/554/playlist.m3u8","role":"Anonymous","userId":"Anonymous","userName":"Anonymous","statusCode":302,"duration":"8ms","timestamp":"2026-03-09T04:38:55.391Z","status":"success"}
[2026-03-09 04:38:57] INFO: {"method":"GET","url":"/community-posts/554","role":"Anonymous","userId":"Anonymous","userName":"Anonymous","customHeader":"vi_VN","statusCode":200,"duration":"15ms","timestamp":"2026-03-09T04:38:57.077Z","status":"success"}
[2026-03-09 04:38:57] INFO: {"method":"GET","url":"/community-posts/video/496/playlist.m3u8","role":"Anonymous","userId":"Anonymous","userName":"Anonymous","statusCode":302,"duration":"9ms","timestamp":"2026-03-09T04:38:57.095Z","status":"success"}
[2026-03-09 05:23:23] INFO: {"method":"GET","url":"/","role":"Anonymous","userId":"Anonymous","userName":"Anonymous","statusCode":200,"duration":"3ms","timestamp":"2026-03-09T05:23:23.447Z","status":"success"}
[2026-03-09 05:24:02] INFO: {"method":"GET","url":"/?rest_route=/wp/v2/users/","role":"Anonymous","userId":"Anonymous","userName":"Anonymous","statusCode":200,"duration":"1ms","timestamp":"2026-03-09T05:24:02.977Z","status":"success"}
[2026-03-09 05:53:09] INFO: {"method":"POST","url":"/users/auth/login","role":"Anonymous","userId":3,"userName":"vantu","customHeader":"vi_VN","statusCode":201,"duration":"237ms","timestamp":"2026-03-09T05:53:09.915Z","status":"create_success","createdId":3}
[2026-03-09 05:53:27] INFO: {"method":"GET","url":"/hosts/60/court-status","role":"USER","userId":3,"userName":"vantu","customHeader":"vi_VN","statusCode":200,"duration":"70ms","timestamp":"2026-03-09T05:53:27.138Z","status":"success"}
[2026-03-09 05:53:46] INFO: {"method":"GET","url":"/hosts/63/court-status","role":"USER","userId":3,"userName":"vantu","customHeader":"vi_VN","statusCode":200,"duration":"102ms","timestamp":"2026-03-09T05:53:46.251Z","status":"success"}
[2026-03-09 05:56:39] INFO: {"method":"POST","url":"/users/auth/login","role":"Anonymous","userId":3,"userName":"vantu","customHeader":"vi_VN","statusCode":201,"duration":"195ms","timestamp":"2026-03-09T05:56:39.775Z","status":"create_success","createdId":3}
[2026-03-09 05:56:59] INFO: {"method":"GET","url":"/hosts/63/court-status","role":"USER","userId":3,"userName":"vantu","customHeader":"vi_VN","statusCode":200,"duration":"72ms","timestamp":"2026-03-09T05:56:59.717Z","status":"success"}
[2026-03-09 06:18:20] ERROR: {"method":"GET","url":"/.well-known/assetlinks.json","role":"Anonymous","userId":"Anonymous","message":"Maximum call stack size exceeded","statusCode":500,"duration":"323ms","timestamp":"2026-03-09T06:18:20.162Z"}
[2026-03-09 06:56:52] INFO: {"method":"GET","url":"/","role":"Anonymous","userId":"Anonymous","userName":"Anonymous","statusCode":200,"duration":"2ms","timestamp":"2026-03-09T06:56:52.193Z","status":"success"}
[2026-03-09 07:59:32] INFO: {"method":"POST","url":"/users/auth/login","role":"Anonymous","userId":3,"userName":"vantu","customHeader":"vi_VN","statusCode":201,"duration":"209ms","timestamp":"2026-03-09T07:59:32.907Z","status":"create_success","createdId":3}
[2026-03-09 08:30:59] ERROR: {"method":"POST","url":"/host-matches/plan","role":"Anonymous","userId":"Anonymous","customHeader":"vi_VN","message":"Bad Request Exception","errorResponse":{"statusCode":400,"message":[{"field":"hostId","message":"Phải là số dương"},{"field":"participants.0.hostParticipantId","message":"Phải là số dương"},{"field":"participants.0.beforeElo","message":"Phải là số dương"},{"field":"participants.0.afterElo","message":"Phải là số dương"}],"error":"BadRequestException"},"statusCode":400,"duration":"21ms","timestamp":"2026-03-09T08:30:59.402Z"}
[2026-03-09 08:36:52] ERROR: {"method":"GET","url":"/.well-known/assetlinks.json","role":"Anonymous","userId":"Anonymous","message":"Maximum call stack size exceeded","statusCode":500,"duration":"228ms","timestamp":"2026-03-09T08:36:52.611Z"}
[2026-03-09 08:36:54] ERROR: {"method":"GET","url":"/.well-known/assetlinks.json","role":"Anonymous","userId":"Anonymous","message":"Maximum call stack size exceeded","statusCode":500,"duration":"260ms","timestamp":"2026-03-09T08:36:54.420Z"}
[2026-03-09 09:11:51] ERROR: {"method":"GET","url":"/.well-known/assetlinks.json","role":"Anonymous","userId":"Anonymous","message":"Maximum call stack size exceeded","statusCode":500,"duration":"307ms","timestamp":"2026-03-09T09:11:51.982Z"}
[2026-03-09 09:12:28] INFO: {"method":"GET","url":"/community-posts/feed?entry=10&direction=next","role":"Anonymous","userId":"Anonymous","userName":"Anonymous","customHeader":"vi_VN","statusCode":200,"duration":"76ms","timestamp":"2026-03-09T09:12:28.143Z","status":"success"}
[2026-03-09 09:12:33] INFO: {"method":"GET","url":"/community-posts/521","role":"USER","userId":5,"userName":"hunglk03","customHeader":"vi_VN","statusCode":200,"duration":"11ms","timestamp":"2026-03-09T09:12:33.443Z","status":"success"}
[2026-03-09 09:12:33] INFO: {"method":"GET","url":"/attachments?postId=521","role":"USER","userId":5,"userName":"hunglk03","customHeader":"vi_VN","statusCode":200,"duration":"16ms","timestamp":"2026-03-09T09:12:33.617Z","status":"success"}
[2026-03-09 09:12:33] INFO: {"method":"GET","url":"/user-profiles/info/3","role":"USER","userId":5,"userName":"hunglk03","customHeader":"vi_VN","statusCode":200,"duration":"167ms","timestamp":"2026-03-09T09:12:33.664Z","status":"success"}
[2026-03-09 09:12:33] INFO: {"method":"GET","url":"/users/5","role":"USER","userId":5,"userName":"hunglk03","customHeader":"vi_VN","statusCode":200,"duration":"5ms","timestamp":"2026-03-09T09:12:33.737Z","status":"success"}
[2026-03-09 09:12:33] INFO: {"method":"POST","url":"/user-devices","role":"USER","userId":5,"userName":"hunglk03","customHeader":"vi_VN","statusCode":201,"duration":"18ms","timestamp":"2026-03-09T09:12:33.964Z","status":"create_success","createdId":317}
[2026-03-09 09:12:47] INFO: {"method":"GET","url":"/community-posts/video/521/playlist.m3u8","role":"Anonymous","userId":"Anonymous","userName":"Anonymous","statusCode":302,"duration":"31ms","timestamp":"2026-03-09T09:12:47.049Z","status":"success"}
[2026-03-09 09:12:57] INFO: {"method":"GET","url":"/community-posts/video/519/playlist.m3u8","role":"Anonymous","userId":"Anonymous","userName":"Anonymous","statusCode":302,"duration":"28ms","timestamp":"2026-03-09T09:12:57.171Z","status":"success"}
[2026-03-09 09:12:57] INFO: {"method":"GET","url":"/community-posts/video/524/playlist.m3u8","role":"Anonymous","userId":"Anonymous","userName":"Anonymous","statusCode":302,"duration":"7ms","timestamp":"2026-03-09T09:12:57.218Z","status":"success"}
[2026-03-09 09:23:10] INFO: {"method":"GET","url":"/tournaments?page=1&entry=10&sort=DESC&field=id","role":"Anonymous","userId":"Anonymous","userName":"Anonymous","customHeader":"vi_VN","statusCode":200,"duration":"242ms","timestamp":"2026-03-09T09:23:10.543Z","status":"success"}
[2026-03-09 09:23:12] INFO: {"method":"GET","url":"/hosts/by-date?direction=DOWN&limit=10","role":"USER","userId":5,"userName":"hunglk03","customHeader":"vi_VN","statusCode":200,"duration":"46ms","timestamp":"2026-03-09T09:23:12.943Z","status":"success"}
[2026-03-09 09:23:13] INFO: {"method":"GET","url":"/hosts/by-date?direction=UP&limit=10","role":"USER","userId":5,"userName":"hunglk03","customHeader":"vi_VN","statusCode":200,"duration":"17ms","timestamp":"2026-03-09T09:23:13.651Z","status":"success"}
[2026-03-09 09:24:01] INFO: {"method":"GET","url":"/host-participants?page=1&entry=20&sort=ASC&field=id&userId=5&hostId=62","role":"USER","userId":5,"userName":"hunglk03","customHeader":"vi_VN","statusCode":200,"duration":"16ms","timestamp":"2026-03-09T09:24:01.348Z","status":"success"}
[2026-03-09 09:24:02] INFO: {"method":"GET","url":"/hosts/62","role":"USER","userId":5,"userName":"hunglk03","customHeader":"vi_VN","statusCode":200,"duration":"9ms","timestamp":"2026-03-09T09:24:02.695Z","status":"success"}
[2026-03-09 09:24:02] INFO: {"method":"GET","url":"/host-participants?page=1&entry=20&sort=ASC&field=id&hostId=62","role":"USER","userId":5,"userName":"hunglk03","customHeader":"vi_VN","statusCode":200,"duration":"42ms","timestamp":"2026-03-09T09:24:02.894Z","status":"success"}
[2026-03-09 09:24:03] INFO: {"method":"GET","url":"/host-participants?page=1&entry=20&sort=ASC&field=id&userId=5&hostId=62","role":"USER","userId":5,"userName":"hunglk03","customHeader":"vi_VN","statusCode":200,"duration":"11ms","timestamp":"2026-03-09T09:24:03.046Z","status":"success"}
[2026-03-09 09:24:37] INFO: {"method":"GET","url":"/user-profiles/info/5?entry=10","role":"USER","userId":5,"userName":"hunglk03","customHeader":"vi_VN","statusCode":200,"duration":"43ms","timestamp":"2026-03-09T09:24:37.192Z","status":"success"}
[2026-03-09 09:24:37] INFO: {"method":"GET","url":"/user-profiles/info/5","role":"USER","userId":5,"userName":"hunglk03","customHeader":"vi_VN","statusCode":200,"duration":"11ms","timestamp":"2026-03-09T09:24:37.729Z","status":"success"}
[2026-03-09 09:24:38] INFO: {"method":"GET","url":"/user-profiles/recent-matches/5","role":"USER","userId":5,"userName":"hunglk03","customHeader":"vi_VN","statusCode":200,"duration":"93ms","timestamp":"2026-03-09T09:24:38.368Z","status":"success"}
[2026-03-09 09:24:42] INFO: {"method":"GET","url":"/settings/4","role":"USER","userId":5,"userName":"hunglk03","customHeader":"vi_VN","statusCode":200,"duration":"6ms","timestamp":"2026-03-09T09:24:42.196Z","status":"success"}
[2026-03-09 09:24:45] INFO: {"method":"POST","url":"/users/auth/logout","role":"USER","userId":5,"userName":"hunglk03","customHeader":"vi_VN","statusCode":201,"duration":"39ms","timestamp":"2026-03-09T09:24:45.594Z","status":"create_success"}
[2026-03-09 09:25:15] INFO: {"method":"POST","url":"/users/auth/login","role":"Anonymous","userId":3,"userName":"vantu","customHeader":"vi_VN","statusCode":201,"duration":"156ms","timestamp":"2026-03-09T09:25:15.907Z","status":"create_success","createdId":3}
[2026-03-09 09:25:22] INFO: {"method":"GET","url":"/users/3","role":"USER","userId":3,"userName":"vantu","customHeader":"vi_VN","statusCode":200,"duration":"7ms","timestamp":"2026-03-09T09:25:22.136Z","status":"success"}
[2026-03-09 09:25:24] INFO: {"method":"GET","url":"/user-profiles/info/3?entry=10","role":"USER","userId":3,"userName":"vantu","customHeader":"vi_VN","statusCode":200,"duration":"168ms","timestamp":"2026-03-09T09:25:24.209Z","status":"success"}
[2026-03-09 09:25:24] INFO: {"method":"GET","url":"/user-profiles/info/3","role":"USER","userId":3,"userName":"vantu","customHeader":"vi_VN","statusCode":200,"duration":"72ms","timestamp":"2026-03-09T09:25:24.768Z","status":"success"}
[2026-03-09 09:25:25] INFO: {"method":"GET","url":"/user-profiles/recent-matches/3","role":"USER","userId":3,"userName":"vantu","customHeader":"vi_VN","statusCode":200,"duration":"74ms","timestamp":"2026-03-09T09:25:25.398Z","status":"success"}
[2026-03-09 09:25:26] INFO: {"method":"GET","url":"/hosts/62","role":"USER","userId":3,"userName":"vantu","customHeader":"vi_VN","statusCode":200,"duration":"8ms","timestamp":"2026-03-09T09:25:26.657Z","status":"success"}
[2026-03-09 09:25:26] INFO: {"method":"GET","url":"/host-participants?page=1&entry=20&sort=ASC&field=id&hostId=62","role":"USER","userId":3,"userName":"vantu","customHeader":"vi_VN","statusCode":200,"duration":"31ms","timestamp":"2026-03-09T09:25:26.989Z","status":"success"}
[2026-03-09 09:25:27] INFO: {"method":"GET","url":"/host-participants?page=1&entry=20&sort=ASC&field=id&userId=3&hostId=62","role":"USER","userId":3,"userName":"vantu","customHeader":"vi_VN","statusCode":200,"duration":"9ms","timestamp":"2026-03-09T09:25:27.192Z","status":"success"}
[2026-03-09 09:25:41] INFO: {"method":"PATCH","url":"/hosts/62","role":"USER","userId":3,"userName":"vantu","customHeader":"vi_VN","statusCode":200,"duration":"42ms","timestamp":"2026-03-09T09:25:41.267Z","status":"success"}
[2026-03-09 09:25:41] INFO: {"method":"GET","url":"/hosts/62","role":"USER","userId":3,"userName":"vantu","customHeader":"vi_VN","statusCode":200,"duration":"6ms","timestamp":"2026-03-09T09:25:41.727Z","status":"success"}
[2026-03-09 09:25:41] INFO: {"method":"GET","url":"/host-participants?page=1&entry=20&sort=ASC&field=id&hostId=62","role":"USER","userId":3,"userName":"vantu","customHeader":"vi_VN","statusCode":200,"duration":"35ms","timestamp":"2026-03-09T09:25:41.972Z","status":"success"}
[2026-03-09 09:25:42] INFO: {"method":"GET","url":"/host-participants?page=1&entry=20&sort=ASC&field=id&userId=3&hostId=62","role":"USER","userId":3,"userName":"vantu","customHeader":"vi_VN","statusCode":200,"duration":"9ms","timestamp":"2026-03-09T09:25:42.103Z","status":"success"}
[2026-03-09 09:25:42] INFO: {"method":"GET","url":"/hosts/62","role":"USER","userId":3,"userName":"vantu","customHeader":"vi_VN","statusCode":200,"duration":"4ms","timestamp":"2026-03-09T09:25:42.964Z","status":"success"}
[2026-03-09 09:25:43] INFO: {"method":"GET","url":"/host-participants?page=1&entry=20&sort=ASC&field=id&hostId=62","role":"USER","userId":3,"userName":"vantu","customHeader":"vi_VN","statusCode":200,"duration":"32ms","timestamp":"2026-03-09T09:25:43.472Z","status":"success"}
[2026-03-09 09:25:43] INFO: {"method":"GET","url":"/host-matches?page=1&entry=100&sort=ASC&field=id&hostId=62","role":"Anonymous","userId":"Anonymous","userName":"Anonymous","customHeader":"vi_VN","statusCode":200,"duration":"117ms","timestamp":"2026-03-09T09:25:43.950Z","status":"success"}
[2026-03-09 09:25:49] INFO: {"method":"GET","url":"/host-participants?page=1&entry=20&sort=ASC&field=id&hostId=62&status=accepted","role":"USER","userId":3,"userName":"vantu","customHeader":"vi_VN","statusCode":200,"duration":"25ms","timestamp":"2026-03-09T09:25:49.825Z","status":"success"}
[2026-03-09 09:25:54] INFO: {"method":"GET","url":"/hosts/62/court-status","role":"USER","userId":3,"userName":"vantu","customHeader":"vi_VN","statusCode":200,"duration":"75ms","timestamp":"2026-03-09T09:25:54.068Z","status":"success"}
[2026-03-09 09:26:18] INFO: {"method":"GET","url":"/hosts/62","role":"USER","userId":3,"userName":"vantu","customHeader":"vi_VN","statusCode":200,"duration":"9ms","timestamp":"2026-03-09T09:26:18.593Z","status":"success"}
[2026-03-09 09:26:19] INFO: {"method":"GET","url":"/host-participants?page=1&entry=20&sort=ASC&field=id&hostId=62","role":"USER","userId":3,"userName":"vantu","customHeader":"vi_VN","statusCode":200,"duration":"29ms","timestamp":"2026-03-09T09:26:19.096Z","status":"success"}
[2026-03-09 09:26:19] INFO: {"method":"GET","url":"/host-matches?page=1&entry=100&sort=ASC&field=id&hostId=62","role":"Anonymous","userId":"Anonymous","userName":"Anonymous","customHeader":"vi_VN","statusCode":200,"duration":"91ms","timestamp":"2026-03-09T09:26:19.690Z","status":"success"}
[2026-03-09 09:26:25] INFO: {"method":"GET","url":"/hosts/62/court-status","role":"USER","userId":3,"userName":"vantu","customHeader":"vi_VN","statusCode":200,"duration":"59ms","timestamp":"2026-03-09T09:26:25.109Z","status":"success"}
[2026-03-09 11:07:06] INFO: {"method":"GET","url":"/","role":"Anonymous","userId":"Anonymous","userName":"Anonymous","statusCode":200,"duration":"2ms","timestamp":"2026-03-09T11:07:06.364Z","status":"success"}
[2026-03-09 11:09:49] INFO: {"method":"GET","url":"/","role":"Anonymous","userId":"Anonymous","userName":"Anonymous","statusCode":200,"duration":"9ms","timestamp":"2026-03-09T11:09:49.557Z","status":"success"}
[2026-03-09 11:10:27] INFO: {"method":"GET","url":"/?rest_route=/wp/v2/users/","role":"Anonymous","userId":"Anonymous","userName":"Anonymous","statusCode":200,"duration":"1ms","timestamp":"2026-03-09T11:10:27.515Z","status":"success"}
[2026-03-09 15:37:39] ERROR: {"method":"GET","url":"/.well-known/assetlinks.json","role":"Anonymous","userId":"Anonymous","message":"Maximum call stack size exceeded","statusCode":500,"duration":"305ms","timestamp":"2026-03-09T15:37:39.181Z"}
[2026-03-09 15:37:40] ERROR: {"method":"GET","url":"/.well-known/assetlinks.json","role":"Anonymous","userId":"Anonymous","message":"Maximum call stack size exceeded","statusCode":500,"duration":"254ms","timestamp":"2026-03-09T15:37:40.271Z"}
[2026-03-09 15:43:02] ERROR: {"method":"GET","url":"/.well-known/assetlinks.json","role":"Anonymous","userId":"Anonymous","message":"Maximum call stack size exceeded","statusCode":500,"duration":"301ms","timestamp":"2026-03-09T15:43:02.081Z"}
[2026-03-09 15:44:10] INFO: {"method":"GET","url":"/community-posts/feed?entry=10&direction=next","role":"Anonymous","userId":"Anonymous","userName":"Anonymous","customHeader":"vi_VN","statusCode":200,"duration":"76ms","timestamp":"2026-03-09T15:44:10.937Z","status":"success"}
[2026-03-09 15:44:11] INFO: {"method":"GET","url":"/users/3","role":"USER","userId":3,"userName":"vantu","customHeader":"vi_VN","statusCode":200,"duration":"8ms","timestamp":"2026-03-09T15:44:11.471Z","status":"success"}
[2026-03-09 15:44:14] INFO: {"method":"POST","url":"/user-devices","role":"USER","userId":3,"userName":"vantu","customHeader":"vi_VN","statusCode":201,"duration":"28ms","timestamp":"2026-03-09T15:44:14.832Z","status":"create_success","createdId":358}
[2026-03-09 15:44:15] INFO: {"method":"GET","url":"/community-posts/514","role":"USER","userId":3,"userName":"vantu","customHeader":"vi_VN","statusCode":200,"duration":"13ms","timestamp":"2026-03-09T15:44:15.671Z","status":"success"}
[2026-03-09 15:44:16] INFO: {"method":"GET","url":"/attachments?postId=514","role":"USER","userId":3,"userName":"vantu","customHeader":"vi_VN","statusCode":200,"duration":"14ms","timestamp":"2026-03-09T15:44:16.318Z","status":"success"}
[2026-03-09 15:44:16] INFO: {"method":"GET","url":"/user-profiles/info/280","role":"USER","userId":3,"userName":"vantu","customHeader":"vi_VN","statusCode":200,"duration":"213ms","timestamp":"2026-03-09T15:44:16.433Z","status":"success"}
[2026-03-09 15:44:33] INFO: {"method":"GET","url":"/community-posts/video/514/playlist.m3u8","role":"Anonymous","userId":"Anonymous","userName":"Anonymous","statusCode":302,"duration":"31ms","timestamp":"2026-03-09T15:44:33.137Z","status":"success"}
[2026-03-09 15:44:38] INFO: {"method":"GET","url":"/community-posts/video/504/playlist.m3u8","role":"Anonymous","userId":"Anonymous","userName":"Anonymous","statusCode":302,"duration":"6ms","timestamp":"2026-03-09T15:44:38.945Z","status":"success"}
[2026-03-09 15:44:40] INFO: {"method":"GET","url":"/community-posts/video/468/playlist.m3u8","role":"Anonymous","userId":"Anonymous","userName":"Anonymous","statusCode":302,"duration":"8ms","timestamp":"2026-03-09T15:44:40.618Z","status":"success"}
[2026-03-09 15:45:37] INFO: {"method":"GET","url":"/tournaments?page=1&entry=10&sort=DESC&field=id","role":"Anonymous","userId":"Anonymous","userName":"Anonymous","customHeader":"vi_VN","statusCode":200,"duration":"246ms","timestamp":"2026-03-09T15:45:37.336Z","status":"success"}
[2026-03-09 15:45:39] INFO: {"method":"GET","url":"/hosts/by-date?direction=DOWN&limit=10","role":"USER","userId":3,"userName":"vantu","customHeader":"vi_VN","statusCode":200,"duration":"18ms","timestamp":"2026-03-09T15:45:39.177Z","status":"success"}
[2026-03-09 15:45:43] INFO: {"method":"GET","url":"/hosts/by-date?direction=UP&limit=10","role":"USER","userId":3,"userName":"vantu","customHeader":"vi_VN","statusCode":200,"duration":"36ms","timestamp":"2026-03-09T15:45:43.056Z","status":"success"}
[2026-03-09 15:45:56] INFO: {"method":"GET","url":"/hosts/62","role":"USER","userId":3,"userName":"vantu","customHeader":"vi_VN","statusCode":200,"duration":"9ms","timestamp":"2026-03-09T15:45:56.868Z","status":"success"}
[2026-03-09 15:45:57] INFO: {"method":"GET","url":"/host-participants?page=1&entry=20&sort=ASC&field=id&hostId=62","role":"USER","userId":3,"userName":"vantu","customHeader":"vi_VN","statusCode":200,"duration":"40ms","timestamp":"2026-03-09T15:45:57.266Z","status":"success"}
[2026-03-09 15:45:57] INFO: {"method":"GET","url":"/host-participants?page=1&entry=20&sort=ASC&field=id&userId=3&hostId=62","role":"USER","userId":3,"userName":"vantu","customHeader":"vi_VN","statusCode":200,"duration":"10ms","timestamp":"2026-03-09T15:45:57.392Z","status":"success"}
[2026-03-09 15:46:14] INFO: {"method":"GET","url":"/hosts/62","role":"USER","userId":3,"userName":"vantu","customHeader":"vi_VN","statusCode":200,"duration":"11ms","timestamp":"2026-03-09T15:46:14.006Z","status":"success"}
[2026-03-09 15:46:15] INFO: {"method":"GET","url":"/host-participants?page=1&entry=20&sort=ASC&field=id&hostId=62","role":"USER","userId":3,"userName":"vantu","customHeader":"vi_VN","statusCode":200,"duration":"41ms","timestamp":"2026-03-09T15:46:15.293Z","status":"success"}
[2026-03-09 15:46:16] INFO: {"method":"GET","url":"/host-matches?page=1&entry=100&sort=ASC&field=id&hostId=62","role":"Anonymous","userId":"Anonymous","userName":"Anonymous","customHeader":"vi_VN","statusCode":200,"duration":"113ms","timestamp":"2026-03-09T15:46:16.329Z","status":"success"}
[2026-03-09 15:46:25] INFO: {"method":"GET","url":"/hosts/62/court-status","role":"USER","userId":3,"userName":"vantu","customHeader":"vi_VN","statusCode":200,"duration":"57ms","timestamp":"2026-03-09T15:46:25.457Z","status":"success"}
[2026-03-09 15:47:42] INFO: {"method":"POST","url":"/users/auth/login","role":"Anonymous","userId":3,"userName":"vantu","customHeader":"vi_VN","statusCode":201,"duration":"200ms","timestamp":"2026-03-09T15:47:42.968Z","status":"create_success","createdId":3}
[2026-03-09 15:48:00] INFO: {"method":"GET","url":"/hosts?page=1&entry=10&sort=ASC&field=id&includeField=id%2Cname&excludeField=password&name=K%C3%A8o%20giao%20h%E1%BB%AFu%202026","role":"USER","userId":3,"userName":"vantu","customHeader":"vi_VN","statusCode":200,"duration":"17ms","timestamp":"2026-03-09T15:48:00.226Z","status":"success"}
[2026-03-09 15:48:12] INFO: {"method":"GET","url":"/hosts/62/court-status","role":"USER","userId":3,"userName":"vantu","customHeader":"vi_VN","statusCode":200,"duration":"72ms","timestamp":"2026-03-09T15:48:12.930Z","status":"success"}
[2026-03-09 15:54:24] INFO: {"method":"GET","url":"/hosts/62","role":"USER","userId":3,"userName":"vantu","customHeader":"vi_VN","statusCode":200,"duration":"11ms","timestamp":"2026-03-09T15:54:24.555Z","status":"success"}
[2026-03-09 15:54:26] INFO: {"method":"GET","url":"/host-participants?page=1&entry=20&sort=ASC&field=id&hostId=62","role":"USER","userId":3,"userName":"vantu","customHeader":"vi_VN","statusCode":200,"duration":"40ms","timestamp":"2026-03-09T15:54:26.301Z","status":"success"}
[2026-03-09 15:54:28] INFO: {"method":"GET","url":"/host-matches?page=1&entry=100&sort=ASC&field=id&hostId=62","role":"Anonymous","userId":"Anonymous","userName":"Anonymous","customHeader":"vi_VN","statusCode":200,"duration":"90ms","timestamp":"2026-03-09T15:54:28.533Z","status":"success"}
[2026-03-09 15:55:44] INFO: {"method":"GET","url":"/locations?page=1&entry=100&sort=ASC&field=name&name=10","role":"Anonymous","userId":"Anonymous","userName":"Anonymous","customHeader":"vi_VN","statusCode":200,"duration":"66ms","timestamp":"2026-03-09T15:55:44.411Z","status":"success"}
[2026-03-09 15:55:45] INFO: {"method":"GET","url":"/locations?page=1&entry=100&sort=ASC&field=name&name=10+","role":"Anonymous","userId":"Anonymous","userName":"Anonymous","customHeader":"vi_VN","statusCode":200,"duration":"21ms","timestamp":"2026-03-09T15:55:45.187Z","status":"success"}
[2026-03-09 15:55:45] INFO: {"method":"GET","url":"/locations?page=1&entry=100&sort=ASC&field=name&name=10+X","role":"Anonymous","userId":"Anonymous","userName":"Anonymous","customHeader":"vi_VN","statusCode":200,"duration":"38ms","timestamp":"2026-03-09T15:55:45.214Z","status":"success"}
[2026-03-09 15:55:45] INFO: {"method":"GET","url":"/locations?page=1&entry=100&sort=ASC&field=name&name=10+Xu","role":"Anonymous","userId":"Anonymous","userName":"Anonymous","customHeader":"vi_VN","statusCode":200,"duration":"14ms","timestamp":"2026-03-09T15:55:45.904Z","status":"success"}
[2026-03-09 15:55:46] INFO: {"method":"GET","url":"/locations?page=1&entry=100&sort=ASC&field=name&name=10+Xua","role":"Anonymous","userId":"Anonymous","userName":"Anonymous","customHeader":"vi_VN","statusCode":200,"duration":"9ms","timestamp":"2026-03-09T15:55:46.755Z","status":"success"}
[2026-03-09 15:55:47] INFO: {"method":"GET","url":"/locations?page=1&entry=100&sort=ASC&field=name&name=10+Xuan","role":"Anonymous","userId":"Anonymous","userName":"Anonymous","customHeader":"vi_VN","statusCode":200,"duration":"6ms","timestamp":"2026-03-09T15:55:47.978Z","status":"success"}
[2026-03-09 15:55:48] INFO: {"method":"GET","url":"/locations?page=1&entry=100&sort=ASC&field=name&name=10+Xuan+","role":"Anonymous","userId":"Anonymous","userName":"Anonymous","customHeader":"vi_VN","statusCode":200,"duration":"9ms","timestamp":"2026-03-09T15:55:48.135Z","status":"success"}
[2026-03-09 15:55:48] INFO: {"method":"GET","url":"/locations?page=1&entry=100&sort=ASC&field=name&name=10+Xuan+D","role":"Anonymous","userId":"Anonymous","userName":"Anonymous","customHeader":"vi_VN","statusCode":200,"duration":"10ms","timestamp":"2026-03-09T15:55:48.250Z","status":"success"}
[2026-03-09 15:55:49] INFO: {"method":"GET","url":"/locations?page=1&entry=100&sort=ASC&field=name&name=10+Xuan+Di","role":"Anonymous","userId":"Anonymous","userName":"Anonymous","customHeader":"vi_VN","statusCode":200,"duration":"6ms","timestamp":"2026-03-09T15:55:49.192Z","status":"success"}
[2026-03-09 15:55:50] INFO: {"method":"GET","url":"/locations?page=1&entry=100&sort=ASC&field=name&name=10+Xuan+Die","role":"Anonymous","userId":"Anonymous","userName":"Anonymous","customHeader":"vi_VN","statusCode":200,"duration":"11ms","timestamp":"2026-03-09T15:55:50.086Z","status":"success"}
[2026-03-09 15:55:50] INFO: {"method":"GET","url":"/locations?page=1&entry=100&sort=ASC&field=name&name=10+Xuan+Dieu","role":"Anonymous","userId":"Anonymous","userName":"Anonymous","customHeader":"vi_VN","statusCode":200,"duration":"10ms","timestamp":"2026-03-09T15:55:50.803Z","status":"success"}
[2026-03-09 15:56:01] INFO: {"method":"POST","url":"/hosts","role":"USER","userId":3,"userName":"vantu","customHeader":"vi_VN","statusCode":201,"duration":"59ms","timestamp":"2026-03-09T15:56:01.280Z","status":"create_success","createdId":84}
[2026-03-09 15:56:16] INFO: {"method":"GET","url":"/hosts/by-date?direction=DOWN&limit=10","role":"USER","userId":3,"userName":"vantu","customHeader":"vi_VN","statusCode":200,"duration":"33ms","timestamp":"2026-03-09T15:56:16.928Z","status":"success"}
[2026-03-09 15:56:20] INFO: {"method":"GET","url":"/hosts/by-date?direction=UP&limit=10","role":"USER","userId":3,"userName":"vantu","customHeader":"vi_VN","statusCode":200,"duration":"27ms","timestamp":"2026-03-09T15:56:20.055Z","status":"success"}
[2026-03-09 15:56:33] INFO: {"method":"GET","url":"/hosts/84","role":"USER","userId":3,"userName":"vantu","customHeader":"vi_VN","statusCode":200,"duration":"8ms","timestamp":"2026-03-09T15:56:33.861Z","status":"success"}
[2026-03-09 15:56:34] INFO: {"method":"GET","url":"/host-participants?page=1&entry=20&sort=ASC&field=id&hostId=84","role":"USER","userId":3,"userName":"vantu","customHeader":"vi_VN","statusCode":200,"duration":"14ms","timestamp":"2026-03-09T15:56:34.287Z","status":"success"}
[2026-03-09 15:56:34] INFO: {"method":"GET","url":"/host-participants?page=1&entry=20&sort=ASC&field=id&userId=3&hostId=84","role":"USER","userId":3,"userName":"vantu","customHeader":"vi_VN","statusCode":200,"duration":"10ms","timestamp":"2026-03-09T15:56:34.627Z","status":"success"}
[2026-03-09 15:56:55] INFO: {"method":"GET","url":"/user-relations?page=1&entry=50&sort=ASC&field=id&user1Id=3","role":"USER","userId":3,"userName":"vantu","customHeader":"vi_VN","statusCode":200,"duration":"42ms","timestamp":"2026-03-09T15:56:55.359Z","status":"success"}
[2026-03-09 15:56:56] INFO: {"method":"GET","url":"/host-participants?page=1&entry=20&sort=ASC&field=id&hostId=84","role":"USER","userId":3,"userName":"vantu","customHeader":"vi_VN","statusCode":200,"duration":"13ms","timestamp":"2026-03-09T15:56:56.159Z","status":"success"}
[2026-03-09 15:56:56] INFO: {"method":"GET","url":"/hosts/84","role":"USER","userId":3,"userName":"vantu","customHeader":"vi_VN","statusCode":200,"duration":"8ms","timestamp":"2026-03-09T15:56:56.255Z","status":"success"}
[2026-03-09 15:56:56] INFO: {"method":"GET","url":"/host-participants?page=1&entry=20&sort=ASC&field=id&hostId=84","role":"USER","userId":3,"userName":"vantu","customHeader":"vi_VN","statusCode":200,"duration":"10ms","timestamp":"2026-03-09T15:56:56.888Z","status":"success"}
[2026-03-09 15:56:57] INFO: {"method":"GET","url":"/host-participants?page=1&entry=20&sort=ASC&field=id&userId=3&hostId=84","role":"USER","userId":3,"userName":"vantu","customHeader":"vi_VN","statusCode":200,"duration":"10ms","timestamp":"2026-03-09T15:56:57.130Z","status":"success"}
[2026-03-09 15:57:11] INFO: {"method":"GET","url":"/hosts/84","role":"USER","userId":3,"userName":"vantu","customHeader":"vi_VN","statusCode":200,"duration":"8ms","timestamp":"2026-03-09T15:57:11.608Z","status":"success"}
[2026-03-09 15:57:11] INFO: {"method":"GET","url":"/host-participants?page=1&entry=20&sort=ASC&field=id&hostId=84","role":"USER","userId":3,"userName":"vantu","customHeader":"vi_VN","statusCode":200,"duration":"11ms","timestamp":"2026-03-09T15:57:11.681Z","status":"success"}
[2026-03-09 15:57:12] INFO: {"method":"GET","url":"/host-participants?page=1&entry=20&sort=ASC&field=id&userId=3&hostId=84","role":"USER","userId":3,"userName":"vantu","customHeader":"vi_VN","statusCode":200,"duration":"11ms","timestamp":"2026-03-09T15:57:12.520Z","status":"success"}
[2026-03-09 15:57:21] INFO: {"method":"POST","url":"/host-participants/add-by-host","role":"USER","userId":3,"userName":"vantu","customHeader":"vi_VN","statusCode":201,"duration":"73ms","timestamp":"2026-03-09T15:57:21.455Z","status":"create_success","createdId":239}
[2026-03-09 15:57:27] INFO: {"method":"GET","url":"/hosts/84","role":"USER","userId":3,"userName":"vantu","customHeader":"vi_VN","statusCode":200,"duration":"7ms","timestamp":"2026-03-09T15:57:27.544Z","status":"success"}
[2026-03-09 15:57:27] INFO: {"method":"GET","url":"/host-participants?page=1&entry=20&sort=ASC&field=id&hostId=84","role":"USER","userId":3,"userName":"vantu","customHeader":"vi_VN","statusCode":200,"duration":"23ms","timestamp":"2026-03-09T15:57:27.985Z","status":"success"}
[2026-03-09 15:57:28] INFO: {"method":"GET","url":"/host-participants?page=1&entry=20&sort=ASC&field=id&userId=3&hostId=84","role":"USER","userId":3,"userName":"vantu","customHeader":"vi_VN","statusCode":200,"duration":"13ms","timestamp":"2026-03-09T15:57:28.548Z","status":"success"}
[2026-03-09 15:57:33] INFO: {"method":"GET","url":"/hosts/84","role":"USER","userId":3,"userName":"vantu","customHeader":"vi_VN","statusCode":200,"duration":"7ms","timestamp":"2026-03-09T15:57:33.418Z","status":"success"}
[2026-03-09 15:57:33] INFO: {"method":"GET","url":"/host-participants?page=1&entry=20&sort=ASC&field=id&hostId=84","role":"USER","userId":3,"userName":"vantu","customHeader":"vi_VN","statusCode":200,"duration":"21ms","timestamp":"2026-03-09T15:57:33.977Z","status":"success"}
[2026-03-09 15:57:34] INFO: {"method":"GET","url":"/host-participants?page=1&entry=20&sort=ASC&field=id&userId=3&hostId=84","role":"USER","userId":3,"userName":"vantu","customHeader":"vi_VN","statusCode":200,"duration":"11ms","timestamp":"2026-03-09T15:57:34.432Z","status":"success"}
[2026-03-09 15:57:51] INFO: {"method":"GET","url":"/hosts/84","role":"USER","userId":3,"userName":"vantu","customHeader":"vi_VN","statusCode":200,"duration":"10ms","timestamp":"2026-03-09T15:57:51.940Z","status":"success"}
[2026-03-09 15:57:52] INFO: {"method":"GET","url":"/host-participants?page=1&entry=20&sort=ASC&field=id&hostId=84","role":"USER","userId":3,"userName":"vantu","customHeader":"vi_VN","statusCode":200,"duration":"19ms","timestamp":"2026-03-09T15:57:52.261Z","status":"success"}
[2026-03-09 15:57:52] INFO: {"method":"GET","url":"/host-participants?page=1&entry=20&sort=ASC&field=id&userId=3&hostId=84","role":"USER","userId":3,"userName":"vantu","customHeader":"vi_VN","statusCode":200,"duration":"10ms","timestamp":"2026-03-09T15:57:52.486Z","status":"success"}
[2026-03-09 15:57:57] INFO: {"method":"POST","url":"/host-participants/add-by-host","role":"USER","userId":3,"userName":"vantu","customHeader":"vi_VN","statusCode":201,"duration":"49ms","timestamp":"2026-03-09T15:57:57.724Z","status":"create_success","createdId":240}
[2026-03-09 15:58:05] INFO: {"method":"GET","url":"/hosts/84","role":"USER","userId":3,"userName":"vantu","customHeader":"vi_VN","statusCode":200,"duration":"6ms","timestamp":"2026-03-09T15:58:05.594Z","status":"success"}
[2026-03-09 15:58:07] INFO: {"method":"GET","url":"/host-participants?page=1&entry=20&sort=ASC&field=id&hostId=84","role":"USER","userId":3,"userName":"vantu","customHeader":"vi_VN","statusCode":200,"duration":"23ms","timestamp":"2026-03-09T15:58:07.440Z","status":"success"}
[2026-03-09 15:58:07] INFO: {"method":"GET","url":"/host-participants?page=1&entry=20&sort=ASC&field=id&userId=3&hostId=84","role":"USER","userId":3,"userName":"vantu","customHeader":"vi_VN","statusCode":200,"duration":"11ms","timestamp":"2026-03-09T15:58:07.863Z","status":"success"}
[2026-03-09 15:58:10] INFO: {"method":"GET","url":"/hosts/84","role":"USER","userId":3,"userName":"vantu","customHeader":"vi_VN","statusCode":200,"duration":"7ms","timestamp":"2026-03-09T15:58:10.009Z","status":"success"}
[2026-03-09 15:58:10] INFO: {"method":"GET","url":"/host-participants?page=1&entry=20&sort=ASC&field=id&hostId=84","role":"USER","userId":3,"userName":"vantu","customHeader":"vi_VN","statusCode":200,"duration":"21ms","timestamp":"2026-03-09T15:58:10.527Z","status":"success"}
[2026-03-09 15:58:11] INFO: {"method":"GET","url":"/host-participants?page=1&entry=20&sort=ASC&field=id&userId=3&hostId=84","role":"USER","userId":3,"userName":"vantu","customHeader":"vi_VN","statusCode":200,"duration":"6ms","timestamp":"2026-03-09T15:58:11.141Z","status":"success"}
[2026-03-09 15:58:27] INFO: {"method":"GET","url":"/hosts/84","role":"USER","userId":3,"userName":"vantu","customHeader":"vi_VN","statusCode":200,"duration":"12ms","timestamp":"2026-03-09T15:58:27.382Z","status":"success"}
[2026-03-09 15:58:28] INFO: {"method":"GET","url":"/host-participants?page=1&entry=20&sort=ASC&field=id&userId=3&hostId=84","role":"USER","userId":3,"userName":"vantu","customHeader":"vi_VN","statusCode":200,"duration":"10ms","timestamp":"2026-03-09T15:58:28.021Z","status":"success"}
[2026-03-09 15:58:28] INFO: {"method":"GET","url":"/host-participants?page=1&entry=20&sort=ASC&field=id&hostId=84","role":"USER","userId":3,"userName":"vantu","customHeader":"vi_VN","statusCode":200,"duration":"21ms","timestamp":"2026-03-09T15:58:28.049Z","status":"success"}
[2026-03-09 15:58:35] INFO: {"method":"POST","url":"/host-participants/add-by-host","role":"USER","userId":3,"userName":"vantu","customHeader":"vi_VN","statusCode":201,"duration":"66ms","timestamp":"2026-03-09T15:58:35.493Z","status":"create_success","createdId":241}
[2026-03-09 15:58:42] INFO: {"method":"GET","url":"/hosts/84","role":"USER","userId":3,"userName":"vantu","customHeader":"vi_VN","statusCode":200,"duration":"7ms","timestamp":"2026-03-09T15:58:42.526Z","status":"success"}
[2026-03-09 15:58:42] INFO: {"method":"GET","url":"/host-participants?page=1&entry=20&sort=ASC&field=id&hostId=84","role":"USER","userId":3,"userName":"vantu","customHeader":"vi_VN","statusCode":200,"duration":"24ms","timestamp":"2026-03-09T15:58:42.567Z","status":"success"}
[2026-03-09 15:58:42] INFO: {"method":"GET","url":"/host-participants?page=1&entry=20&sort=ASC&field=id&userId=3&hostId=84","role":"USER","userId":3,"userName":"vantu","customHeader":"vi_VN","statusCode":200,"duration":"11ms","timestamp":"2026-03-09T15:58:42.694Z","status":"success"}
[2026-03-09 15:58:45] INFO: {"method":"GET","url":"/hosts/84","role":"USER","userId":3,"userName":"vantu","customHeader":"vi_VN","statusCode":200,"duration":"8ms","timestamp":"2026-03-09T15:58:45.764Z","status":"success"}
[2026-03-09 15:58:46] INFO: {"method":"GET","url":"/host-participants?page=1&entry=20&sort=ASC&field=id&hostId=84","role":"USER","userId":3,"userName":"vantu","customHeader":"vi_VN","statusCode":200,"duration":"27ms","timestamp":"2026-03-09T15:58:46.392Z","status":"success"}
[2026-03-09 15:58:46] INFO: {"method":"GET","url":"/host-participants?page=1&entry=20&sort=ASC&field=id&userId=3&hostId=84","role":"USER","userId":3,"userName":"vantu","customHeader":"vi_VN","statusCode":200,"duration":"11ms","timestamp":"2026-03-09T15:58:46.532Z","status":"success"}
[2026-03-09 15:58:56] INFO: {"method":"GET","url":"/hosts/84","role":"USER","userId":3,"userName":"vantu","customHeader":"vi_VN","statusCode":200,"duration":"6ms","timestamp":"2026-03-09T15:58:56.041Z","status":"success"}
[2026-03-09 15:58:58] INFO: {"method":"GET","url":"/host-participants?page=1&entry=20&sort=ASC&field=id&hostId=84","role":"USER","userId":3,"userName":"vantu","customHeader":"vi_VN","statusCode":200,"duration":"24ms","timestamp":"2026-03-09T15:58:58.322Z","status":"success"}
[2026-03-09 15:59:00] INFO: {"method":"GET","url":"/host-matches?page=1&entry=100&sort=ASC&field=id&hostId=84","role":"Anonymous","userId":"Anonymous","userName":"Anonymous","customHeader":"vi_VN","statusCode":200,"duration":"31ms","timestamp":"2026-03-09T15:59:00.852Z","status":"success"}
[2026-03-09 15:59:07] INFO: {"method":"GET","url":"/hosts/84/court-status","role":"USER","userId":3,"userName":"vantu","customHeader":"vi_VN","statusCode":200,"duration":"43ms","timestamp":"2026-03-09T15:59:07.854Z","status":"success"}
[2026-03-09 16:00:33] INFO: {"method":"GET","url":"/hosts?page=1&entry=10&sort=ASC&field=id&includeField=id%2Cname&excludeField=password&name=K%C3%A8o%20giao%20h%E1%BB%AFu%2003%2F2026","role":"USER","userId":3,"userName":"vantu","customHeader":"vi_VN","statusCode":200,"duration":"9ms","timestamp":"2026-03-09T16:00:33.987Z","status":"success"}
[2026-03-09 16:00:50] INFO: {"method":"GET","url":"/hosts/84","role":"USER","userId":3,"userName":"vantu","customHeader":"vi_VN","statusCode":200,"duration":"12ms","timestamp":"2026-03-09T16:00:50.365Z","status":"success"}
[2026-03-09 16:00:54] INFO: {"method":"GET","url":"/host-participants?page=1&entry=20&sort=ASC&field=id&hostId=84","role":"USER","userId":3,"userName":"vantu","customHeader":"vi_VN","statusCode":200,"duration":"30ms","timestamp":"2026-03-09T16:00:54.214Z","status":"success"}
[2026-03-09 16:00:58] INFO: {"method":"GET","url":"/host-matches?page=1&entry=100&sort=ASC&field=id&hostId=84","role":"Anonymous","userId":"Anonymous","userName":"Anonymous","customHeader":"vi_VN","statusCode":200,"duration":"37ms","timestamp":"2026-03-09T16:00:58.792Z","status":"success"}
[2026-03-09 16:01:15] INFO: {"method":"GET","url":"/hosts?page=1&entry=10&sort=ASC&field=id&includeField=id%2Cname&excludeField=password&name=K%C3%A8o%20eo%20dau%2003%2F2026","role":"USER","userId":3,"userName":"vantu","customHeader":"vi_VN","statusCode":200,"duration":"11ms","timestamp":"2026-03-09T16:01:15.054Z","status":"success"}
[2026-03-09 16:01:28] INFO: {"method":"GET","url":"/hosts?page=1&entry=10&sort=ASC&field=id&includeField=id%2Cname&excludeField=password&name=Keo%20eo%20dau%2003%2F2026","role":"USER","userId":3,"userName":"vantu","customHeader":"vi_VN","statusCode":200,"duration":"15ms","timestamp":"2026-03-09T16:01:28.666Z","status":"success"}
[2026-03-09 16:01:36] INFO: {"method":"GET","url":"/hosts/84/court-status","role":"USER","userId":3,"userName":"vantu","customHeader":"vi_VN","statusCode":200,"duration":"58ms","timestamp":"2026-03-09T16:01:36.411Z","status":"success"}
[2026-03-09 16:01:47] INFO: {"method":"GET","url":"/hosts/84/court-status","role":"USER","userId":3,"userName":"vantu","customHeader":"vi_VN","statusCode":200,"duration":"56ms","timestamp":"2026-03-09T16:01:47.955Z","status":"success"}
[2026-03-09 16:02:04] INFO: {"method":"GET","url":"/hosts/84","role":"USER","userId":3,"userName":"vantu","customHeader":"vi_VN","statusCode":200,"duration":"7ms","timestamp":"2026-03-09T16:02:04.464Z","status":"success"}
[2026-03-09 16:02:07] INFO: {"method":"GET","url":"/host-participants?page=1&entry=20&sort=ASC&field=id&hostId=84","role":"USER","userId":3,"userName":"vantu","customHeader":"vi_VN","statusCode":200,"duration":"27ms","timestamp":"2026-03-09T16:02:07.671Z","status":"success"}
[2026-03-09 16:02:09] INFO: {"method":"GET","url":"/host-matches?page=1&entry=100&sort=ASC&field=id&hostId=84","role":"Anonymous","userId":"Anonymous","userName":"Anonymous","customHeader":"vi_VN","statusCode":200,"duration":"27ms","timestamp":"2026-03-09T16:02:09.849Z","status":"success"}
[2026-03-09 16:02:16] INFO: {"method":"GET","url":"/host-participants?page=1&entry=20&sort=ASC&field=id&hostId=84&status=accepted","role":"USER","userId":3,"userName":"vantu","customHeader":"vi_VN","statusCode":200,"duration":"27ms","timestamp":"2026-03-09T16:02:16.490Z","status":"success"}
[2026-03-09 16:15:25] INFO: {"method":"GET","url":"/hosts/84/court-status","role":"USER","userId":3,"userName":"vantu","customHeader":"vi_VN","statusCode":200,"duration":"65ms","timestamp":"2026-03-09T16:15:25.723Z","status":"success"}
[2026-03-09 16:15:37] INFO: {"method":"GET","url":"/host-participants?page=1&entry=20&sort=ASC&field=id&hostId=84&status=accepted","role":"USER","userId":3,"userName":"vantu","customHeader":"vi_VN","statusCode":200,"duration":"34ms","timestamp":"2026-03-09T16:15:37.380Z","status":"success"}
[2026-03-09 20:05:01] ERROR: {"method":"GET","url":"/.well-known/assetlinks.json","role":"Anonymous","userId":"Anonymous","message":"Maximum call stack size exceeded","statusCode":500,"duration":"310ms","timestamp":"2026-03-09T20:05:01.618Z"}
[2026-03-09 21:04:18] ERROR: {"method":"GET","url":"/.well-known/assetlinks.json","role":"Anonymous","userId":"Anonymous","message":"Maximum call stack size exceeded","statusCode":500,"duration":"356ms","timestamp":"2026-03-09T21:04:18.150Z"}
[2026-03-09 21:06:03] ERROR: {"method":"GET","url":"/.well-known/assetlinks.json","role":"Anonymous","userId":"Anonymous","message":"Maximum call stack size exceeded","statusCode":500,"duration":"311ms","timestamp":"2026-03-09T21:06:03.658Z"}
[2026-03-09 21:57:48] ERROR: {"method":"GET","url":"/.well-known/assetlinks.json","role":"Anonymous","userId":"Anonymous","message":"Maximum call stack size exceeded","statusCode":500,"duration":"302ms","timestamp":"2026-03-09T21:57:48.359Z"}
[2026-03-09 21:58:14] ERROR: {"method":"GET","url":"/.well-known/assetlinks.json","role":"Anonymous","userId":"Anonymous","message":"Maximum call stack size exceeded","statusCode":500,"duration":"303ms","timestamp":"2026-03-09T21:58:14.958Z"}
[2026-03-09 21:58:15] ERROR: {"method":"GET","url":"/.well-known/assetlinks.json","role":"Anonymous","userId":"Anonymous","message":"Maximum call stack size exceeded","statusCode":500,"duration":"271ms","timestamp":"2026-03-09T21:58:15.233Z"}
[2026-03-09 21:59:31] ERROR: {"method":"GET","url":"/.well-known/assetlinks.json","role":"Anonymous","userId":"Anonymous","message":"Maximum call stack size exceeded","statusCode":500,"duration":"312ms","timestamp":"2026-03-09T21:59:31.977Z"}
[2026-03-09 21:59:35] ERROR: {"method":"GET","url":"/.well-known/assetlinks.json","role":"Anonymous","userId":"Anonymous","message":"Maximum call stack size exceeded","statusCode":500,"duration":"199ms","timestamp":"2026-03-09T21:59:35.282Z"}
[2026-03-09 21:59:37] ERROR: {"method":"GET","url":"/.well-known/assetlinks.json","role":"Anonymous","userId":"Anonymous","message":"Maximum call stack size exceeded","statusCode":500,"duration":"280ms","timestamp":"2026-03-09T21:59:37.603Z"}
[2026-03-09 22:21:04] ERROR: {"method":"GET","url":"/.well-known/assetlinks.json","role":"Anonymous","userId":"Anonymous","message":"Maximum call stack size exceeded","statusCode":500,"duration":"306ms","timestamp":"2026-03-09T22:21:04.109Z"}
